Log file open, 10/25/22 15:50:49
LogWindows: Failed to load 'aqProf.dll' (GetLastError=126)
LogWindows: File 'aqProf.dll' does not exist
LogWindows: Failed to load 'VtuneApi.dll' (GetLastError=126)
LogWindows: File 'VtuneApi.dll' does not exist
LogWindows: Failed to load 'VtuneApi32e.dll' (GetLastError=126)
LogWindows: File 'VtuneApi32e.dll' does not exist
LogConsoleResponse: Display: Failed to find resolution value strings in scalability ini. Falling back to default.
LogConsoleResponse: Display: Failed to find resolution value strings in scalability ini. Falling back to default.
LogInit: Display: Running engine for game: MidtermProject
LogPlatformFile: Not using cached read wrapper
LogTaskGraph: Started task graph with 5 named threads and 35 total threads with 3 sets of task threads.
LogStats: Stats thread started at 0.941721
LogICUInternationalization: ICU TimeZone Detection - Raw Offset: -5:00, Platform Override: ''
LogInit: Display: Loading text-based GConfig....
LogPluginManager: Mounting plugin MeshPainting
LogPluginManager: Mounting plugin XGEController
LogPluginManager: Mounting plugin Paper2D
LogPluginManager: Mounting plugin AISupport
LogPluginManager: Mounting plugin EnvironmentQueryEditor
LogPluginManager: Mounting plugin CameraShakePreviewer
LogPluginManager: Mounting plugin GameplayCameras
LogPluginManager: Mounting plugin LightPropagationVolume
LogPluginManager: Mounting plugin OodleData
LogPluginManager: Mounting plugin OodleNetwork
LogPluginManager: Mounting plugin Niagara
LogPluginManager: Mounting plugin LiveLink
LogPluginManager: Mounting plugin DatasmithContent
LogPluginManager: Mounting plugin VariantManagerContent
LogPluginManager: Mounting plugin AnimationSharing
LogPluginManager: Mounting plugin CLionSourceCodeAccess
LogPluginManager: Mounting plugin CodeLiteSourceCodeAccess
LogPluginManager: Mounting plugin KDevelopSourceCodeAccess
LogPluginManager: Mounting plugin GitSourceControl
LogPluginManager: Mounting plugin PerforceSourceControl
LogPluginManager: Mounting plugin NullSourceCodeAccess
LogPluginManager: Mounting plugin PluginUtils
LogPluginManager: Mounting plugin PropertyAccessNode
LogPluginManager: Mounting plugin PlasticSourceControl
LogPluginManager: Mounting plugin PixWinPlugin
LogPluginManager: Mounting plugin RiderSourceCodeAccess
LogPluginManager: Mounting plugin SubversionSourceControl
LogPluginManager: Mounting plugin LuminPlatformFeatures
LogPluginManager: Mounting plugin UObjectPlugin
LogPluginManager: Mounting plugin VisualStudioSourceCodeAccess
LogPluginManager: Mounting plugin XCodeSourceCodeAccess
LogPluginManager: Mounting plugin VisualStudioCodeSourceCodeAccess
LogPluginManager: Mounting plugin MagicLeap
LogPluginManager: Mounting plugin TextureFormatOodle
LogPluginManager: Mounting plugin MagicLeapLightEstimation
LogPluginManager: Mounting plugin MagicLeapMedia
LogPluginManager: Mounting plugin MagicLeapPassableWorld
LogPluginManager: Mounting plugin MLSDK
LogPluginManager: Mounting plugin AndroidMedia
LogPluginManager: Mounting plugin AvfMedia
LogPluginManager: Mounting plugin ImgMedia
LogPluginManager: Mounting plugin MediaCompositing
LogPluginManager: Mounting plugin MediaPlayerEditor
LogPluginManager: Mounting plugin WebMMedia
LogPluginManager: Mounting plugin WmfMedia
LogPluginManager: Mounting plugin AssetManagerEditor
LogPluginManager: Mounting plugin CryptoKeys
LogPluginManager: Mounting plugin DataValidation
LogPluginManager: Mounting plugin CurveEditorTools
LogPluginManager: Mounting plugin GameplayTagsEditor
LogPluginManager: Mounting plugin FacialAnimation
LogPluginManager: Mounting plugin MacGraphicsSwitching
LogPluginManager: Mounting plugin GeometryMode
LogPluginManager: Mounting plugin MaterialAnalyzer
LogPluginManager: Mounting plugin PluginBrowser
LogPluginManager: Mounting plugin TcpMessaging
LogPluginManager: Mounting plugin MobileLauncherProfileWizard
LogPluginManager: Mounting plugin UdpMessaging
LogPluginManager: Mounting plugin SpeedTreeImporter
LogPluginManager: Mounting plugin LauncherChunkInstaller
LogPluginManager: Mounting plugin OnlineSubsystem
LogPluginManager: Mounting plugin OnlineSubsystemNull
LogPluginManager: Mounting plugin OnlineSubsystemUtils
LogPluginManager: Mounting plugin AlembicImporter
LogPluginManager: Mounting plugin AutomationUtils
LogPluginManager: Mounting plugin BackChannel
LogPluginManager: Mounting plugin ChaosCloth
LogPluginManager: Mounting plugin ChaosClothEditor
LogPluginManager: Mounting plugin ChaosSolverPlugin
LogPluginManager: Mounting plugin ChaosNiagara
LogPluginManager: Mounting plugin ChaosEditor
LogPluginManager: Mounting plugin CharacterAI
LogPluginManager: Mounting plugin GeometryCache
LogPluginManager: Mounting plugin ActorSequence
LogPluginManager: Mounting plugin GeometryCollectionPlugin
LogPluginManager: Mounting plugin LevelSequenceEditor
LogPluginManager: Mounting plugin MatineeToLevelSequence
LogPluginManager: Mounting plugin TemplateSequence
LogPluginManager: Mounting plugin GeometryProcessing
LogPluginManager: Mounting plugin MotoSynth
LogPluginManager: Mounting plugin OpenImageDenoise
LogPluginManager: Mounting plugin PlanarCut
LogPluginManager: Mounting plugin PythonScriptPlugin
LogPluginManager: Mounting plugin ProxyLODPlugin
LogPluginManager: Mounting plugin PlatformCrypto
LogPluginManager: Mounting plugin SkeletalReduction
LogPluginManager: Mounting plugin ScreenshotTools
LogPluginManager: Mounting plugin ActorLayerUtilities
LogPluginManager: Mounting plugin Takes
LogPluginManager: Mounting plugin AndroidMoviePlayer
LogPluginManager: Mounting plugin AndroidDeviceProfileSelector
LogPluginManager: Mounting plugin AndroidPermission
LogPluginManager: Mounting plugin AppleImageUtils
LogPluginManager: Mounting plugin ArchVisCharacter
LogPluginManager: Mounting plugin AppleMoviePlayer
LogPluginManager: Mounting plugin AssetTags
LogPluginManager: Mounting plugin CableComponent
LogPluginManager: Mounting plugin AudioCapture
LogPluginManager: Mounting plugin ChunkDownloader
LogPluginManager: Mounting plugin AudioSynesthesia
LogPluginManager: Mounting plugin CustomMeshComponent
LogPluginManager: Mounting plugin EditableMesh
LogPluginManager: Mounting plugin ExampleDeviceProfileSelector
LogPluginManager: Mounting plugin GooglePAD
LogPluginManager: Mounting plugin GoogleCloudMessaging
LogPluginManager: Mounting plugin IOSDeviceProfileSelector
LogPluginManager: Mounting plugin LinuxDeviceProfileSelector
LogPluginManager: Mounting plugin LocationServicesBPLibrary
LogPluginManager: Mounting plugin MobilePatchingUtils
LogPluginManager: Mounting plugin OpenXR
LogPluginManager: Mounting plugin OpenXRHandTracking
LogPluginManager: Mounting plugin OpenXREyeTracker
LogPluginManager: Mounting plugin PostSplashScreen
LogPluginManager: Mounting plugin PhysXVehicles
LogPluginManager: Mounting plugin ProceduralMeshComponent
LogPluginManager: Mounting plugin PropertyAccessEditor
LogPluginManager: Mounting plugin RuntimePhysXCooking
LogPluginManager: Mounting plugin SignificanceManager
LogPluginManager: Mounting plugin SoundFields
LogPluginManager: Mounting plugin Synthesis
LogPluginManager: Mounting plugin WebMMoviePlayer
LogPluginManager: Mounting plugin WindowsMoviePlayer
LogPluginManager: Mounting plugin ContentBrowserAssetDataSource
LogPluginManager: Mounting plugin ContentBrowserFileDataSource
LogPluginManager: Mounting plugin ContentBrowserClassDataSource
LogPluginManager: Mounting plugin OnlineSubsystemIOS
LogPluginManager: Mounting plugin OnlineSubsystemGooglePlay
LogPluginManager: Mounting plugin OculusVR
LogPluginManager: Mounting plugin SteamVR
PixWinPlugin: PIX capture plugin failed to initialize! Check that the process is launched from PIX.
LogInit: Using libcurl 7.55.1-DEV
LogInit:  - built for x86_64-pc-win32
LogInit:  - supports SSL with OpenSSL/1.1.1
LogInit:  - supports HTTP deflate (compression) using libz 1.2.8
LogInit:  - other features:
LogInit:      CURL_VERSION_SSL
LogInit:      CURL_VERSION_LIBZ
LogInit:      CURL_VERSION_IPV6
LogInit:      CURL_VERSION_ASYNCHDNS
LogInit:      CURL_VERSION_LARGEFILE
LogInit:      CURL_VERSION_IDN
LogInit:  CurlRequestOptions (configurable via config and command line):
LogInit:  - bVerifyPeer = true  - Libcurl will verify peer certificate
LogInit:  - bUseHttpProxy = false  - Libcurl will NOT use HTTP proxy
LogInit:  - bDontReuseConnections = false  - Libcurl will reuse connections
LogInit:  - MaxHostConnections = 16  - Libcurl will limit the number of connections to a host
LogInit:  - LocalHostAddr = Default
LogInit:  - BufferSize = 65536
LogOnline: OSS: Creating online subsystem instance for: NULL
LogInit: WinSock: version 1.1 (2.2), MaxSocks=32767, MaxUdp=65467
LogOnline: OSS: TryLoadSubsystemAndSetDefault: Loaded subsystem for module [NULL]
LogOculusPluginWrapper: OculusPlugin initialized successfully
LogHMD: Failed initializing OVRPlugin 1.59.0
LogInit: Build: ++UE4+Release-4.27-CL-18319896
LogInit: Engine Version: 4.27.2-18319896+++UE4+Release-4.27
LogInit: Compatible Engine Version: 4.27.0-17155196+++UE4+Release-4.27
LogInit: Net CL: 17155196
LogInit: OS: Windows 10 (Release 2009) (), CPU: Intel(R) Core(TM) i7-8750H CPU @ 2.20GHz, GPU: NVIDIA Quadro P2000
LogInit: Compiled (64-bit): Nov 30 2021 07:12:08
LogInit: Compiled with Visual C++: 19.24.28315.00
LogInit: Build Configuration: Development
LogInit: Branch Name: ++UE4+Release-4.27
LogInit: Command Line: 
LogInit: Base Directory: C:/Program Files/Epic Games/UE_4.27/Engine/Binaries/Win64/
LogInit: Allocator: TBB
LogInit: Installed Engine Build: 1
LogDevObjectVersion: Number of dev versions registered: 29
LogDevObjectVersion:   Dev-Blueprints (B0D832E4-1F89-4F0D-ACCF-7EB736FD4AA2): 10
LogDevObjectVersion:   Dev-Build (E1C64328-A22C-4D53-A36C-8E866417BD8C): 0
LogDevObjectVersion:   Dev-Core (375EC13C-06E4-48FB-B500-84F0262A717E): 4
LogDevObjectVersion:   Dev-Editor (E4B068ED-F494-42E9-A231-DA0B2E46BB41): 40
LogDevObjectVersion:   Dev-Framework (CFFC743F-43B0-4480-9391-14DF171D2073): 37
LogDevObjectVersion:   Dev-Mobile (B02B49B5-BB20-44E9-A304-32B752E40360): 3
LogDevObjectVersion:   Dev-Networking (A4E4105C-59A1-49B5-A7C5-40C4547EDFEE): 0
LogDevObjectVersion:   Dev-Online (39C831C9-5AE6-47DC-9A44-9C173E1C8E7C): 0
LogDevObjectVersion:   Dev-Physics (78F01B33-EBEA-4F98-B9B4-84EACCB95AA2): 14
LogDevObjectVersion:   Dev-Platform (6631380F-2D4D-43E0-8009-CF276956A95A): 0
LogDevObjectVersion:   Dev-Rendering (12F88B9F-8875-4AFC-A67C-D90C383ABD29): 45
LogDevObjectVersion:   Dev-Sequencer (7B5AE74C-D270-4C10-A958-57980B212A5A): 13
LogDevObjectVersion:   Dev-VR (D7296918-1DD6-4BDD-9DE2-64A83CC13884): 3
LogDevObjectVersion:   Dev-LoadTimes (C2A15278-BFE7-4AFE-6C17-90FF531DF755): 1
LogDevObjectVersion:   Private-Geometry (6EACA3D4-40EC-4CC1-B786-8BED09428FC5): 3
LogDevObjectVersion:   Dev-AnimPhys (29E575DD-E0A3-4627-9D10-D276232CDCEA): 17
LogDevObjectVersion:   Dev-Anim (AF43A65D-7FD3-4947-9873-3E8ED9C1BB05): 15
LogDevObjectVersion:   Dev-ReflectionCapture (6B266CEC-1EC7-4B8F-A30B-E4D90942FC07): 1
LogDevObjectVersion:   Dev-Automation (0DF73D61-A23F-47EA-B727-89E90C41499A): 1
LogDevObjectVersion:   FortniteMain (601D1886-AC64-4F84-AA16-D3DE0DEAC7D6): 47
LogDevObjectVersion:   FortniteRelease (E7086368-6B23-4C58-8439-1B7016265E91): 1
LogDevObjectVersion:   Dev-Enterprise (9DFFBCD6-494F-0158-E221-12823C92A888): 10
LogDevObjectVersion:   Dev-Niagara (F2AED0AC-9AFE-416F-8664-AA7FFA26D6FC): 1
LogDevObjectVersion:   Dev-Destruction (174F1F0B-B4C6-45A5-B13F-2EE8D0FB917D): 10
LogDevObjectVersion:   Dev-Physics-Ext (35F94A83-E258-406C-A318-09F59610247C): 41
LogDevObjectVersion:   Dev-PhysicsMaterial-Chaos (B68FC16E-8B1B-42E2-B453-215C058844FE): 1
LogDevObjectVersion:   Dev-CineCamera (B2E18506-4273-CFC2-A54E-F4BB758BBA07): 1
LogDevObjectVersion:   Dev-VirtualProduction (64F58936-FD1B-42BA-BA96-7289D5D0FA4E): 1
LogDevObjectVersion:   Dev-MediaFramework (6F0ED827-A609-4895-9C91-998D90180EA4): 2
LogInit: Presizing for max 25165824 objects, including 0 objects not considered by GC, pre-allocating 0 bytes for permanent pool.
LogConfig: Applying CVar settings from Section [/Script/Engine.StreamingSettings] File [C:/Users/sconkrigh/Documents/GitHub/Midterm-Project/Saved/Config/Windows/Engine.ini]
LogConfig: Setting CVar [[s.MinBulkDataSizeForAsyncLoading:131072]]
LogConfig: Setting CVar [[s.AsyncLoadingThreadEnabled:0]]
LogConfig: Setting CVar [[s.EventDrivenLoaderEnabled:1]]
LogConfig: Setting CVar [[s.WarnIfTimeLimitExceeded:0]]
LogConfig: Setting CVar [[s.TimeLimitExceededMultiplier:1.5]]
LogConfig: Setting CVar [[s.TimeLimitExceededMinTime:0.005]]
LogConfig: Setting CVar [[s.UseBackgroundLevelStreaming:1]]
LogConfig: Setting CVar [[s.PriorityAsyncLoadingExtraTime:15.0]]
LogConfig: Setting CVar [[s.LevelStreamingActorsUpdateTimeLimit:5.0]]
LogConfig: Setting CVar [[s.PriorityLevelStreamingActorsUpdateExtraTime:5.0]]
LogConfig: Setting CVar [[s.LevelStreamingComponentsRegistrationGranularity:10]]
LogConfig: Setting CVar [[s.UnregisterComponentsTimeLimit:1.0]]
LogConfig: Setting CVar [[s.LevelStreamingComponentsUnregistrationGranularity:5]]
LogConfig: Setting CVar [[s.FlushStreamingOnExit:1]]
LogInit: Object subsystem initialized
LogConfig: Setting CVar [[con.DebugEarlyDefault:1]]
LogConfig: Setting CVar [[r.setres:1280x720]]
[2022.10.25-19.50.50:617][  0]LogConfig: Setting CVar [[r.VSync:0]]
[2022.10.25-19.50.50:617][  0]LogConfig: Setting CVar [[r.RHICmdBypass:0]]
[2022.10.25-19.50.50:618][  0]LogConfig: Applying CVar settings from Section [/Script/Engine.RendererSettings] File [C:/Users/sconkrigh/Documents/GitHub/Midterm-Project/Saved/Config/Windows/Engine.ini]
[2022.10.25-19.50.50:618][  0]LogConfig: Setting CVar [[r.GPUCrashDebugging:0]]
[2022.10.25-19.50.50:618][  0]LogConfig: Applying CVar settings from Section [/Script/Engine.RendererOverrideSettings] File [C:/Users/sconkrigh/Documents/GitHub/Midterm-Project/Saved/Config/Windows/Engine.ini]
[2022.10.25-19.50.50:618][  0]LogConfig: Applying CVar settings from Section [/Script/Engine.StreamingSettings] File [C:/Users/sconkrigh/Documents/GitHub/Midterm-Project/Saved/Config/Windows/Engine.ini]
[2022.10.25-19.50.50:618][  0]LogConfig: Setting CVar [[s.MinBulkDataSizeForAsyncLoading:131072]]
[2022.10.25-19.50.50:618][  0]LogConfig: Setting CVar [[s.AsyncLoadingThreadEnabled:0]]
[2022.10.25-19.50.50:618][  0]LogConfig: Setting CVar [[s.EventDrivenLoaderEnabled:1]]
[2022.10.25-19.50.50:618][  0]LogConfig: Setting CVar [[s.WarnIfTimeLimitExceeded:0]]
[2022.10.25-19.50.50:618][  0]LogConfig: Setting CVar [[s.TimeLimitExceededMultiplier:1.5]]
[2022.10.25-19.50.50:618][  0]LogConfig: Setting CVar [[s.TimeLimitExceededMinTime:0.005]]
[2022.10.25-19.50.50:618][  0]LogConfig: Setting CVar [[s.UseBackgroundLevelStreaming:1]]
[2022.10.25-19.50.50:618][  0]LogConfig: Setting CVar [[s.PriorityAsyncLoadingExtraTime:15.0]]
[2022.10.25-19.50.50:618][  0]LogConfig: Setting CVar [[s.LevelStreamingActorsUpdateTimeLimit:5.0]]
[2022.10.25-19.50.50:618][  0]LogConfig: Setting CVar [[s.PriorityLevelStreamingActorsUpdateExtraTime:5.0]]
[2022.10.25-19.50.50:618][  0]LogConfig: Setting CVar [[s.LevelStreamingComponentsRegistrationGranularity:10]]
[2022.10.25-19.50.50:618][  0]LogConfig: Setting CVar [[s.UnregisterComponentsTimeLimit:1.0]]
[2022.10.25-19.50.50:618][  0]LogConfig: Setting CVar [[s.LevelStreamingComponentsUnregistrationGranularity:5]]
[2022.10.25-19.50.50:618][  0]LogConfig: Setting CVar [[s.FlushStreamingOnExit:1]]
[2022.10.25-19.50.50:618][  0]LogConfig: Applying CVar settings from Section [/Script/Engine.GarbageCollectionSettings] File [C:/Users/sconkrigh/Documents/GitHub/Midterm-Project/Saved/Config/Windows/Engine.ini]
[2022.10.25-19.50.50:618][  0]LogConfig: Setting CVar [[gc.MaxObjectsNotConsideredByGC:1]]
[2022.10.25-19.50.50:618][  0]LogConfig: Setting CVar [[gc.SizeOfPermanentObjectPool:0]]
[2022.10.25-19.50.50:618][  0]LogConfig: Setting CVar [[gc.FlushStreamingOnGC:0]]
[2022.10.25-19.50.50:618][  0]LogConfig: Setting CVar [[gc.NumRetriesBeforeForcingGC:10]]
[2022.10.25-19.50.50:618][  0]LogConfig: Setting CVar [[gc.AllowParallelGC:1]]
[2022.10.25-19.50.50:618][  0]LogConfig: Setting CVar [[gc.TimeBetweenPurgingPendingKillObjects:61.1]]
[2022.10.25-19.50.50:618][  0]LogConfig: Setting CVar [[gc.MaxObjectsInEditor:25165824]]
[2022.10.25-19.50.50:618][  0]LogConfig: Setting CVar [[gc.IncrementalBeginDestroyEnabled:1]]
[2022.10.25-19.50.50:618][  0]LogConfig: Setting CVar [[gc.CreateGCClusters:1]]
[2022.10.25-19.50.50:618][  0]LogConfig: Setting CVar [[gc.MinGCClusterSize:5]]
[2022.10.25-19.50.50:618][  0]LogConfig: Setting CVar [[gc.ActorClusteringEnabled:0]]
[2022.10.25-19.50.50:618][  0]LogConfig: Setting CVar [[gc.BlueprintClusteringEnabled:0]]
[2022.10.25-19.50.50:618][  0]LogConfig: Setting CVar [[gc.UseDisregardForGCOnDedicatedServers:0]]
[2022.10.25-19.50.50:618][  0]LogConfig: Setting CVar [[gc.MultithreadedDestructionEnabled:1]]
[2022.10.25-19.50.50:618][  0]LogConfig: Applying CVar settings from Section [/Script/Engine.NetworkSettings] File [C:/Users/sconkrigh/Documents/GitHub/Midterm-Project/Saved/Config/Windows/Engine.ini]
[2022.10.25-19.50.50:618][  0]LogConfig: Applying CVar settings from Section [/Script/UnrealEd.CookerSettings] File [C:/Users/sconkrigh/Documents/GitHub/Midterm-Project/Saved/Config/Windows/Engine.ini]
[2022.10.25-19.50.50:628][  0]LogConfig: Applying CVar settings from Section [ViewDistanceQuality@3] File [C:/Users/sconkrigh/Documents/GitHub/Midterm-Project/Saved/Config/Windows/Scalability.ini]
[2022.10.25-19.50.50:628][  0]LogConfig: Setting CVar [[r.SkeletalMeshLODBias:0]]
[2022.10.25-19.50.50:628][  0]LogConfig: Setting CVar [[r.ViewDistanceScale:1.0]]
[2022.10.25-19.50.50:628][  0]LogConfig: Applying CVar settings from Section [AntiAliasingQuality@3] File [C:/Users/sconkrigh/Documents/GitHub/Midterm-Project/Saved/Config/Windows/Scalability.ini]
[2022.10.25-19.50.50:628][  0]LogConfig: Setting CVar [[r.PostProcessAAQuality:4]]
[2022.10.25-19.50.50:628][  0]LogConfig: Applying CVar settings from Section [ShadowQuality@3] File [C:/Users/sconkrigh/Documents/GitHub/Midterm-Project/Saved/Config/Windows/Scalability.ini]
[2022.10.25-19.50.50:628][  0]LogConfig: Setting CVar [[r.LightFunctionQuality:1]]
[2022.10.25-19.50.50:628][  0]LogConfig: Setting CVar [[r.ShadowQuality:5]]
[2022.10.25-19.50.50:628][  0]LogConfig: Setting CVar [[r.Shadow.CSM.MaxCascades:10]]
[2022.10.25-19.50.50:628][  0]LogConfig: Setting CVar [[r.Shadow.MaxResolution:2048]]
[2022.10.25-19.50.50:628][  0]LogConfig: Setting CVar [[r.Shadow.MaxCSMResolution:2048]]
[2022.10.25-19.50.50:628][  0]LogConfig: Setting CVar [[r.Shadow.RadiusThreshold:0.01]]
[2022.10.25-19.50.50:628][  0]LogConfig: Setting CVar [[r.Shadow.DistanceScale:1.0]]
[2022.10.25-19.50.50:628][  0]LogConfig: Setting CVar [[r.Shadow.CSM.TransitionScale:1.0]]
[2022.10.25-19.50.50:628][  0]LogConfig: Setting CVar [[r.Shadow.PreShadowResolutionFactor:1.0]]
[2022.10.25-19.50.50:628][  0]LogConfig: Setting CVar [[r.DistanceFieldShadowing:1]]
[2022.10.25-19.50.50:628][  0]LogConfig: Setting CVar [[r.DistanceFieldAO:1]]
[2022.10.25-19.50.50:628][  0]LogConfig: Setting CVar [[r.AOQuality:2]]
[2022.10.25-19.50.50:628][  0]LogConfig: Setting CVar [[r.VolumetricFog:1]]
[2022.10.25-19.50.50:628][  0]LogConfig: Setting CVar [[r.VolumetricFog.GridPixelSize:8]]
[2022.10.25-19.50.50:628][  0]LogConfig: Setting CVar [[r.VolumetricFog.GridSizeZ:128]]
[2022.10.25-19.50.50:628][  0]LogConfig: Setting CVar [[r.VolumetricFog.HistoryMissSupersampleCount:4]]
[2022.10.25-19.50.50:628][  0]LogConfig: Setting CVar [[r.LightMaxDrawDistanceScale:1]]
[2022.10.25-19.50.50:628][  0]LogConfig: Setting CVar [[r.CapsuleShadows:1]]
[2022.10.25-19.50.50:628][  0]LogConfig: Applying CVar settings from Section [PostProcessQuality@3] File [C:/Users/sconkrigh/Documents/GitHub/Midterm-Project/Saved/Config/Windows/Scalability.ini]
[2022.10.25-19.50.50:628][  0]LogConfig: Setting CVar [[r.MotionBlurQuality:4]]
[2022.10.25-19.50.50:628][  0]LogConfig: Setting CVar [[r.AmbientOcclusionMipLevelFactor:0.4]]
[2022.10.25-19.50.50:628][  0]LogConfig: Setting CVar [[r.AmbientOcclusionMaxQuality:100]]
[2022.10.25-19.50.50:628][  0]LogConfig: Setting CVar [[r.AmbientOcclusionLevels:-1]]
[2022.10.25-19.50.50:628][  0]LogConfig: Setting CVar [[r.AmbientOcclusionRadiusScale:1.0]]
[2022.10.25-19.50.50:628][  0]LogConfig: Setting CVar [[r.DepthOfFieldQuality:2]]
[2022.10.25-19.50.50:628][  0]LogConfig: Setting CVar [[r.RenderTargetPoolMin:400]]
[2022.10.25-19.50.50:628][  0]LogConfig: Setting CVar [[r.LensFlareQuality:2]]
[2022.10.25-19.50.50:628][  0]LogConfig: Setting CVar [[r.SceneColorFringeQuality:1]]
[2022.10.25-19.50.50:628][  0]LogConfig: Setting CVar [[r.EyeAdaptationQuality:2]]
[2022.10.25-19.50.50:628][  0]LogConfig: Setting CVar [[r.BloomQuality:5]]
[2022.10.25-19.50.50:628][  0]LogConfig: Setting CVar [[r.FastBlurThreshold:100]]
[2022.10.25-19.50.50:628][  0]LogConfig: Setting CVar [[r.Upscale.Quality:3]]
[2022.10.25-19.50.50:628][  0]LogConfig: Setting CVar [[r.Tonemapper.GrainQuantization:1]]
[2022.10.25-19.50.50:628][  0]LogConfig: Setting CVar [[r.LightShaftQuality:1]]
[2022.10.25-19.50.50:628][  0]LogConfig: Setting CVar [[r.Filter.SizeScale:1]]
[2022.10.25-19.50.50:628][  0]LogConfig: Setting CVar [[r.Tonemapper.Quality:5]]
[2022.10.25-19.50.50:628][  0]LogConfig: Setting CVar [[r.DOF.Gather.AccumulatorQuality:1        ; higher gathering accumulator quality]]
[2022.10.25-19.50.50:628][  0]LogConfig: Setting CVar [[r.DOF.Gather.PostfilterMethod:1          ; Median3x3 postfilering method]]
[2022.10.25-19.50.50:628][  0]LogConfig: Setting CVar [[r.DOF.Gather.EnableBokehSettings:0       ; no bokeh simulation when gathering]]
[2022.10.25-19.50.50:628][  0]LogConfig: Setting CVar [[r.DOF.Gather.RingCount:4                 ; medium number of samples when gathering]]
[2022.10.25-19.50.50:628][  0]LogConfig: Setting CVar [[r.DOF.Scatter.ForegroundCompositing:1    ; additive foreground scattering]]
[2022.10.25-19.50.50:628][  0]LogConfig: Setting CVar [[r.DOF.Scatter.BackgroundCompositing:2    ; additive background scattering]]
[2022.10.25-19.50.50:628][  0]LogConfig: Setting CVar [[r.DOF.Scatter.EnableBokehSettings:1      ; bokeh simulation when scattering]]
[2022.10.25-19.50.50:628][  0]LogConfig: Setting CVar [[r.DOF.Scatter.MaxSpriteRatio:0.1         ; only a maximum of 10% of scattered bokeh]]
[2022.10.25-19.50.50:628][  0]LogConfig: Setting CVar [[r.DOF.Recombine.Quality:1                ; cheap slight out of focus]]
[2022.10.25-19.50.50:628][  0]LogConfig: Setting CVar [[r.DOF.Recombine.EnableBokehSettings:0    ; no bokeh simulation on slight out of focus]]
[2022.10.25-19.50.50:628][  0]LogConfig: Setting CVar [[r.DOF.TemporalAAQuality:1                ; more stable temporal accumulation]]
[2022.10.25-19.50.50:628][  0]LogConfig: Setting CVar [[r.DOF.Kernel.MaxForegroundRadius:0.025]]
[2022.10.25-19.50.50:628][  0]LogConfig: Setting CVar [[r.DOF.Kernel.MaxBackgroundRadius:0.025]]
[2022.10.25-19.50.50:628][  0]LogConfig: Applying CVar settings from Section [TextureQuality@3] File [C:/Users/sconkrigh/Documents/GitHub/Midterm-Project/Saved/Config/Windows/Scalability.ini]
[2022.10.25-19.50.50:628][  0]LogConfig: Setting CVar [[r.Streaming.MipBias:0]]
[2022.10.25-19.50.50:628][  0]LogConfig: Setting CVar [[r.Streaming.AmortizeCPUToGPUCopy:0]]
[2022.10.25-19.50.50:628][  0]LogConfig: Setting CVar [[r.Streaming.MaxNumTexturesToStreamPerFrame:0]]
[2022.10.25-19.50.50:628][  0]LogConfig: Setting CVar [[r.Streaming.Boost:1]]
[2022.10.25-19.50.50:629][  0]LogConfig: Setting CVar [[r.MaxAnisotropy:8]]
[2022.10.25-19.50.50:629][  0]LogConfig: Setting CVar [[r.VT.MaxAnisotropy:8]]
[2022.10.25-19.50.50:629][  0]LogConfig: Setting CVar [[r.Streaming.LimitPoolSizeToVRAM:0]]
[2022.10.25-19.50.50:629][  0]LogConfig: Setting CVar [[r.Streaming.PoolSize:1000]]
[2022.10.25-19.50.50:629][  0]LogConfig: Setting CVar [[r.Streaming.MaxEffectiveScreenSize:0]]
[2022.10.25-19.50.50:629][  0]LogConfig: Applying CVar settings from Section [EffectsQuality@3] File [C:/Users/sconkrigh/Documents/GitHub/Midterm-Project/Saved/Config/Windows/Scalability.ini]
[2022.10.25-19.50.50:629][  0]LogConfig: Setting CVar [[r.TranslucencyLightingVolumeDim:64]]
[2022.10.25-19.50.50:629][  0]LogConfig: Setting CVar [[r.RefractionQuality:2]]
[2022.10.25-19.50.50:629][  0]LogConfig: Setting CVar [[r.SSR.Quality:3]]
[2022.10.25-19.50.50:629][  0]LogConfig: Setting CVar [[r.SSR.HalfResSceneColor:0]]
[2022.10.25-19.50.50:629][  0]LogConfig: Setting CVar [[r.SceneColorFormat:4]]
[2022.10.25-19.50.50:629][  0]LogConfig: Setting CVar [[r.DetailMode:2]]
[2022.10.25-19.50.50:629][  0]LogConfig: Setting CVar [[r.TranslucencyVolumeBlur:1]]
[2022.10.25-19.50.50:629][  0]LogConfig: Setting CVar [[r.MaterialQualityLevel:1 ; High quality]]
[2022.10.25-19.50.50:629][  0]LogConfig: Setting CVar [[r.AnisotropicMaterials:1]]
[2022.10.25-19.50.50:629][  0]LogConfig: Setting CVar [[r.SSS.Scale:1]]
[2022.10.25-19.50.50:629][  0]LogConfig: Setting CVar [[r.SSS.SampleSet:2]]
[2022.10.25-19.50.50:629][  0]LogConfig: Setting CVar [[r.SSS.Quality:1]]
[2022.10.25-19.50.50:629][  0]LogConfig: Setting CVar [[r.SSS.HalfRes:0]]
[2022.10.25-19.50.50:629][  0]LogConfig: Setting CVar [[r.SSGI.Quality:3]]
[2022.10.25-19.50.50:629][  0]LogConfig: Setting CVar [[r.EmitterSpawnRateScale:1.0]]
[2022.10.25-19.50.50:629][  0]LogConfig: Setting CVar [[r.ParticleLightQuality:2]]
[2022.10.25-19.50.50:629][  0]LogConfig: Setting CVar [[r.SkyAtmosphere.AerialPerspectiveLUT.FastApplyOnOpaque:1 ; Always have FastSkyLUT 1 in this case to avoid wrong sky]]
[2022.10.25-19.50.50:629][  0]LogConfig: Setting CVar [[r.SkyAtmosphere.AerialPerspectiveLUT.SampleCountMaxPerSlice:4]]
[2022.10.25-19.50.50:629][  0]LogConfig: Setting CVar [[r.SkyAtmosphere.AerialPerspectiveLUT.DepthResolution:16.0]]
[2022.10.25-19.50.50:629][  0]LogConfig: Setting CVar [[r.SkyAtmosphere.FastSkyLUT:1]]
[2022.10.25-19.50.50:629][  0]LogConfig: Setting CVar [[r.SkyAtmosphere.FastSkyLUT.SampleCountMin:4.0]]
[2022.10.25-19.50.50:629][  0]LogConfig: Setting CVar [[r.SkyAtmosphere.FastSkyLUT.SampleCountMax:128.0]]
[2022.10.25-19.50.50:629][  0]LogConfig: Setting CVar [[r.SkyAtmosphere.SampleCountMin:4.0]]
[2022.10.25-19.50.50:629][  0]LogConfig: Setting CVar [[r.SkyAtmosphere.SampleCountMax:128.0]]
[2022.10.25-19.50.50:629][  0]LogConfig: Setting CVar [[r.SkyAtmosphere.TransmittanceLUT.UseSmallFormat:0]]
[2022.10.25-19.50.50:629][  0]LogConfig: Setting CVar [[r.SkyAtmosphere.TransmittanceLUT.SampleCount:10.0]]
[2022.10.25-19.50.50:629][  0]LogConfig: Setting CVar [[r.SkyAtmosphere.MultiScatteringLUT.SampleCount:15.0]]
[2022.10.25-19.50.50:629][  0]LogConfig: Setting CVar [[r.SkyLight.RealTimeReflectionCapture:1]]
[2022.10.25-19.50.50:629][  0]LogConfig: Applying CVar settings from Section [FoliageQuality@3] File [C:/Users/sconkrigh/Documents/GitHub/Midterm-Project/Saved/Config/Windows/Scalability.ini]
[2022.10.25-19.50.50:629][  0]LogConfig: Setting CVar [[foliage.DensityScale:1.0]]
[2022.10.25-19.50.50:629][  0]LogConfig: Setting CVar [[grass.DensityScale:1.0]]
[2022.10.25-19.50.50:629][  0]LogConfig: Applying CVar settings from Section [ShadingQuality@3] File [C:/Users/sconkrigh/Documents/GitHub/Midterm-Project/Saved/Config/Windows/Scalability.ini]
[2022.10.25-19.50.50:629][  0]LogConfig: Setting CVar [[r.HairStrands.SkyLighting.IntegrationType:2]]
[2022.10.25-19.50.50:629][  0]LogConfig: Setting CVar [[r.HairStrands.SkyAO.SampleCount:4]]
[2022.10.25-19.50.50:629][  0]LogConfig: Setting CVar [[r.HairStrands.Visibility.MSAA.SamplePerPixel:4]]
[2022.10.25-19.50.50:629][  0]LogInit: Selected Device Profile: [Windows]
[2022.10.25-19.50.50:630][  0]LogInit: Applying CVar settings loaded from the selected device profile: [Windows]
[2022.10.25-19.50.50:630][  0]LogHAL: Display: Platform has ~ 16 GB [17018806272 / 17179869184 / 16], which maps to Larger [LargestMinGB=32, LargerMinGB=12, DefaultMinGB=8, SmallerMinGB=6, SmallestMinGB=0)
[2022.10.25-19.50.50:630][  0]LogInit: Going up to parent DeviceProfile []
[2022.10.25-19.50.50:630][  0]LogConfig: Applying CVar settings from Section [ViewDistanceQuality@3] File [C:/Users/sconkrigh/Documents/GitHub/Midterm-Project/Saved/Config/Windows/Scalability.ini]
[2022.10.25-19.50.50:630][  0]LogConfig: Setting CVar [[r.SkeletalMeshLODBias:0]]
[2022.10.25-19.50.50:630][  0]LogConfig: Setting CVar [[r.ViewDistanceScale:1.0]]
[2022.10.25-19.50.50:631][  0]LogConfig: Applying CVar settings from Section [AntiAliasingQuality@3] File [C:/Users/sconkrigh/Documents/GitHub/Midterm-Project/Saved/Config/Windows/Scalability.ini]
[2022.10.25-19.50.50:631][  0]LogConfig: Setting CVar [[r.PostProcessAAQuality:4]]
[2022.10.25-19.50.50:631][  0]LogConfig: Applying CVar settings from Section [ShadowQuality@3] File [C:/Users/sconkrigh/Documents/GitHub/Midterm-Project/Saved/Config/Windows/Scalability.ini]
[2022.10.25-19.50.50:631][  0]LogConfig: Setting CVar [[r.LightFunctionQuality:1]]
[2022.10.25-19.50.50:631][  0]LogConfig: Setting CVar [[r.ShadowQuality:5]]
[2022.10.25-19.50.50:631][  0]LogConfig: Setting CVar [[r.Shadow.CSM.MaxCascades:10]]
[2022.10.25-19.50.50:631][  0]LogConfig: Setting CVar [[r.Shadow.MaxResolution:2048]]
[2022.10.25-19.50.50:631][  0]LogConfig: Setting CVar [[r.Shadow.MaxCSMResolution:2048]]
[2022.10.25-19.50.50:631][  0]LogConfig: Setting CVar [[r.Shadow.RadiusThreshold:0.01]]
[2022.10.25-19.50.50:631][  0]LogConfig: Setting CVar [[r.Shadow.DistanceScale:1.0]]
[2022.10.25-19.50.50:631][  0]LogConfig: Setting CVar [[r.Shadow.CSM.TransitionScale:1.0]]
[2022.10.25-19.50.50:631][  0]LogConfig: Setting CVar [[r.Shadow.PreShadowResolutionFactor:1.0]]
[2022.10.25-19.50.50:631][  0]LogConfig: Setting CVar [[r.DistanceFieldShadowing:1]]
[2022.10.25-19.50.50:631][  0]LogConfig: Setting CVar [[r.DistanceFieldAO:1]]
[2022.10.25-19.50.50:631][  0]LogConfig: Setting CVar [[r.AOQuality:2]]
[2022.10.25-19.50.50:631][  0]LogConfig: Setting CVar [[r.VolumetricFog:1]]
[2022.10.25-19.50.50:631][  0]LogConfig: Setting CVar [[r.VolumetricFog.GridPixelSize:8]]
[2022.10.25-19.50.50:631][  0]LogConfig: Setting CVar [[r.VolumetricFog.GridSizeZ:128]]
[2022.10.25-19.50.50:631][  0]LogConfig: Setting CVar [[r.VolumetricFog.HistoryMissSupersampleCount:4]]
[2022.10.25-19.50.50:631][  0]LogConfig: Setting CVar [[r.LightMaxDrawDistanceScale:1]]
[2022.10.25-19.50.50:631][  0]LogConfig: Setting CVar [[r.CapsuleShadows:1]]
[2022.10.25-19.50.50:631][  0]LogConfig: Applying CVar settings from Section [PostProcessQuality@3] File [C:/Users/sconkrigh/Documents/GitHub/Midterm-Project/Saved/Config/Windows/Scalability.ini]
[2022.10.25-19.50.50:631][  0]LogConfig: Setting CVar [[r.MotionBlurQuality:4]]
[2022.10.25-19.50.50:631][  0]LogConfig: Setting CVar [[r.AmbientOcclusionMipLevelFactor:0.4]]
[2022.10.25-19.50.50:631][  0]LogConfig: Setting CVar [[r.AmbientOcclusionMaxQuality:100]]
[2022.10.25-19.50.50:631][  0]LogConfig: Setting CVar [[r.AmbientOcclusionLevels:-1]]
[2022.10.25-19.50.50:631][  0]LogConfig: Setting CVar [[r.AmbientOcclusionRadiusScale:1.0]]
[2022.10.25-19.50.50:631][  0]LogConfig: Setting CVar [[r.DepthOfFieldQuality:2]]
[2022.10.25-19.50.50:631][  0]LogConfig: Setting CVar [[r.RenderTargetPoolMin:400]]
[2022.10.25-19.50.50:631][  0]LogConfig: Setting CVar [[r.LensFlareQuality:2]]
[2022.10.25-19.50.50:631][  0]LogConfig: Setting CVar [[r.SceneColorFringeQuality:1]]
[2022.10.25-19.50.50:631][  0]LogConfig: Setting CVar [[r.EyeAdaptationQuality:2]]
[2022.10.25-19.50.50:631][  0]LogConfig: Setting CVar [[r.BloomQuality:5]]
[2022.10.25-19.50.50:631][  0]LogConfig: Setting CVar [[r.FastBlurThreshold:100]]
[2022.10.25-19.50.50:631][  0]LogConfig: Setting CVar [[r.Upscale.Quality:3]]
[2022.10.25-19.50.50:631][  0]LogConfig: Setting CVar [[r.Tonemapper.GrainQuantization:1]]
[2022.10.25-19.50.50:631][  0]LogConfig: Setting CVar [[r.LightShaftQuality:1]]
[2022.10.25-19.50.50:631][  0]LogConfig: Setting CVar [[r.Filter.SizeScale:1]]
[2022.10.25-19.50.50:631][  0]LogConfig: Setting CVar [[r.Tonemapper.Quality:5]]
[2022.10.25-19.50.50:631][  0]LogConfig: Setting CVar [[r.DOF.Gather.AccumulatorQuality:1        ; higher gathering accumulator quality]]
[2022.10.25-19.50.50:631][  0]LogConfig: Setting CVar [[r.DOF.Gather.PostfilterMethod:1          ; Median3x3 postfilering method]]
[2022.10.25-19.50.50:631][  0]LogConfig: Setting CVar [[r.DOF.Gather.EnableBokehSettings:0       ; no bokeh simulation when gathering]]
[2022.10.25-19.50.50:631][  0]LogConfig: Setting CVar [[r.DOF.Gather.RingCount:4                 ; medium number of samples when gathering]]
[2022.10.25-19.50.50:631][  0]LogConfig: Setting CVar [[r.DOF.Scatter.ForegroundCompositing:1    ; additive foreground scattering]]
[2022.10.25-19.50.50:631][  0]LogConfig: Setting CVar [[r.DOF.Scatter.BackgroundCompositing:2    ; additive background scattering]]
[2022.10.25-19.50.50:631][  0]LogConfig: Setting CVar [[r.DOF.Scatter.EnableBokehSettings:1      ; bokeh simulation when scattering]]
[2022.10.25-19.50.50:631][  0]LogConfig: Setting CVar [[r.DOF.Scatter.MaxSpriteRatio:0.1         ; only a maximum of 10% of scattered bokeh]]
[2022.10.25-19.50.50:631][  0]LogConfig: Setting CVar [[r.DOF.Recombine.Quality:1                ; cheap slight out of focus]]
[2022.10.25-19.50.50:631][  0]LogConfig: Setting CVar [[r.DOF.Recombine.EnableBokehSettings:0    ; no bokeh simulation on slight out of focus]]
[2022.10.25-19.50.50:631][  0]LogConfig: Setting CVar [[r.DOF.TemporalAAQuality:1                ; more stable temporal accumulation]]
[2022.10.25-19.50.50:631][  0]LogConfig: Setting CVar [[r.DOF.Kernel.MaxForegroundRadius:0.025]]
[2022.10.25-19.50.50:631][  0]LogConfig: Setting CVar [[r.DOF.Kernel.MaxBackgroundRadius:0.025]]
[2022.10.25-19.50.50:631][  0]LogConfig: Applying CVar settings from Section [TextureQuality@3] File [C:/Users/sconkrigh/Documents/GitHub/Midterm-Project/Saved/Config/Windows/Scalability.ini]
[2022.10.25-19.50.50:631][  0]LogConfig: Setting CVar [[r.Streaming.MipBias:0]]
[2022.10.25-19.50.50:631][  0]LogConfig: Setting CVar [[r.Streaming.AmortizeCPUToGPUCopy:0]]
[2022.10.25-19.50.50:631][  0]LogConfig: Setting CVar [[r.Streaming.MaxNumTexturesToStreamPerFrame:0]]
[2022.10.25-19.50.50:631][  0]LogConfig: Setting CVar [[r.Streaming.Boost:1]]
[2022.10.25-19.50.50:631][  0]LogConfig: Setting CVar [[r.MaxAnisotropy:8]]
[2022.10.25-19.50.50:631][  0]LogConfig: Setting CVar [[r.VT.MaxAnisotropy:8]]
[2022.10.25-19.50.50:631][  0]LogConfig: Setting CVar [[r.Streaming.LimitPoolSizeToVRAM:0]]
[2022.10.25-19.50.50:631][  0]LogConfig: Setting CVar [[r.Streaming.PoolSize:1000]]
[2022.10.25-19.50.50:631][  0]LogConfig: Setting CVar [[r.Streaming.MaxEffectiveScreenSize:0]]
[2022.10.25-19.50.50:631][  0]LogConfig: Applying CVar settings from Section [EffectsQuality@3] File [C:/Users/sconkrigh/Documents/GitHub/Midterm-Project/Saved/Config/Windows/Scalability.ini]
[2022.10.25-19.50.50:631][  0]LogConfig: Setting CVar [[r.TranslucencyLightingVolumeDim:64]]
[2022.10.25-19.50.50:631][  0]LogConfig: Setting CVar [[r.RefractionQuality:2]]
[2022.10.25-19.50.50:631][  0]LogConfig: Setting CVar [[r.SSR.Quality:3]]
[2022.10.25-19.50.50:631][  0]LogConfig: Setting CVar [[r.SSR.HalfResSceneColor:0]]
[2022.10.25-19.50.50:631][  0]LogConfig: Setting CVar [[r.SceneColorFormat:4]]
[2022.10.25-19.50.50:631][  0]LogConfig: Setting CVar [[r.DetailMode:2]]
[2022.10.25-19.50.50:631][  0]LogConfig: Setting CVar [[r.TranslucencyVolumeBlur:1]]
[2022.10.25-19.50.50:631][  0]LogConfig: Setting CVar [[r.MaterialQualityLevel:1 ; High quality]]
[2022.10.25-19.50.50:631][  0]LogConfig: Setting CVar [[r.AnisotropicMaterials:1]]
[2022.10.25-19.50.50:631][  0]LogConfig: Setting CVar [[r.SSS.Scale:1]]
[2022.10.25-19.50.50:631][  0]LogConfig: Setting CVar [[r.SSS.SampleSet:2]]
[2022.10.25-19.50.50:632][  0]LogConfig: Setting CVar [[r.SSS.Quality:1]]
[2022.10.25-19.50.50:632][  0]LogConfig: Setting CVar [[r.SSS.HalfRes:0]]
[2022.10.25-19.50.50:632][  0]LogConfig: Setting CVar [[r.SSGI.Quality:3]]
[2022.10.25-19.50.50:632][  0]LogConfig: Setting CVar [[r.EmitterSpawnRateScale:1.0]]
[2022.10.25-19.50.50:632][  0]LogConfig: Setting CVar [[r.ParticleLightQuality:2]]
[2022.10.25-19.50.50:632][  0]LogConfig: Setting CVar [[r.SkyAtmosphere.AerialPerspectiveLUT.FastApplyOnOpaque:1 ; Always have FastSkyLUT 1 in this case to avoid wrong sky]]
[2022.10.25-19.50.50:632][  0]LogConfig: Setting CVar [[r.SkyAtmosphere.AerialPerspectiveLUT.SampleCountMaxPerSlice:4]]
[2022.10.25-19.50.50:632][  0]LogConfig: Setting CVar [[r.SkyAtmosphere.AerialPerspectiveLUT.DepthResolution:16.0]]
[2022.10.25-19.50.50:632][  0]LogConfig: Setting CVar [[r.SkyAtmosphere.FastSkyLUT:1]]
[2022.10.25-19.50.50:632][  0]LogConfig: Setting CVar [[r.SkyAtmosphere.FastSkyLUT.SampleCountMin:4.0]]
[2022.10.25-19.50.50:632][  0]LogConfig: Setting CVar [[r.SkyAtmosphere.FastSkyLUT.SampleCountMax:128.0]]
[2022.10.25-19.50.50:632][  0]LogConfig: Setting CVar [[r.SkyAtmosphere.SampleCountMin:4.0]]
[2022.10.25-19.50.50:632][  0]LogConfig: Setting CVar [[r.SkyAtmosphere.SampleCountMax:128.0]]
[2022.10.25-19.50.50:632][  0]LogConfig: Setting CVar [[r.SkyAtmosphere.TransmittanceLUT.UseSmallFormat:0]]
[2022.10.25-19.50.50:632][  0]LogConfig: Setting CVar [[r.SkyAtmosphere.TransmittanceLUT.SampleCount:10.0]]
[2022.10.25-19.50.50:632][  0]LogConfig: Setting CVar [[r.SkyAtmosphere.MultiScatteringLUT.SampleCount:15.0]]
[2022.10.25-19.50.50:632][  0]LogConfig: Setting CVar [[r.SkyLight.RealTimeReflectionCapture:1]]
[2022.10.25-19.50.50:632][  0]LogConfig: Applying CVar settings from Section [FoliageQuality@3] File [C:/Users/sconkrigh/Documents/GitHub/Midterm-Project/Saved/Config/Windows/Scalability.ini]
[2022.10.25-19.50.50:632][  0]LogConfig: Setting CVar [[foliage.DensityScale:1.0]]
[2022.10.25-19.50.50:632][  0]LogConfig: Setting CVar [[grass.DensityScale:1.0]]
[2022.10.25-19.50.50:632][  0]LogConfig: Applying CVar settings from Section [ShadingQuality@3] File [C:/Users/sconkrigh/Documents/GitHub/Midterm-Project/Saved/Config/Windows/Scalability.ini]
[2022.10.25-19.50.50:632][  0]LogConfig: Setting CVar [[r.HairStrands.SkyLighting.IntegrationType:2]]
[2022.10.25-19.50.50:632][  0]LogConfig: Setting CVar [[r.HairStrands.SkyAO.SampleCount:4]]
[2022.10.25-19.50.50:632][  0]LogConfig: Setting CVar [[r.HairStrands.Visibility.MSAA.SamplePerPixel:4]]
[2022.10.25-19.50.50:632][  0]LogConfig: Applying CVar settings from Section [Startup] File [../../../Engine/Config/ConsoleVariables.ini]
[2022.10.25-19.50.50:633][  0]LogConfig: Setting CVar [[net.UseAdaptiveNetUpdateFrequency:0]]
[2022.10.25-19.50.50:633][  0]LogConfig: Setting CVar [[p.chaos.AllowCreatePhysxBodies:1]]
[2022.10.25-19.50.50:633][  0]LogConfig: Setting CVar [[fx.SkipVectorVMBackendOptimizations:1]]
[2022.10.25-19.50.50:633][  0]LogConfig: Applying CVar settings from Section [ConsoleVariables] File [C:/Users/sconkrigh/Documents/GitHub/Midterm-Project/Saved/Config/Windows/Engine.ini]
[2022.10.25-19.50.50:633][  0]LogConfig: Applying CVar settings from Section [ConsoleVariables] File [C:/Users/sconkrigh/Documents/GitHub/Midterm-Project/Saved/Config/Windows/Editor.ini]
[2022.10.25-19.50.50:633][  0]LogInit: Computer: 5CD912CGPX
[2022.10.25-19.50.50:633][  0]LogInit: User: sconkrigh
[2022.10.25-19.50.50:633][  0]LogInit: CPU Page size=4096, Cores=6
[2022.10.25-19.50.50:633][  0]LogInit: High frequency timer resolution =10.000000 MHz
[2022.10.25-19.50.50:633][  0]LogMemory: Memory total: Physical=15.8GB (16GB approx)
[2022.10.25-19.50.50:633][  0]LogMemory: Platform Memory Stats for Windows
[2022.10.25-19.50.50:633][  0]LogMemory: Process Physical Memory: 145.10 MB used, 145.10 MB peak
[2022.10.25-19.50.50:633][  0]LogMemory: Process Virtual Memory: 131.90 MB used, 131.90 MB peak
[2022.10.25-19.50.50:633][  0]LogMemory: Physical Memory: 4997.94 MB used,  11232.46 MB free, 16230.40 MB total
[2022.10.25-19.50.50:633][  0]LogMemory: Virtual Memory: 134205488.00 MB used,  12242.80 MB free, 134217728.00 MB total
[2022.10.25-19.50.50:642][  0]LogWindows: WindowsPlatformFeatures enabled
[2022.10.25-19.50.50:749][  0]LogInit: Physics initialised using underlying interface: PhysX
[2022.10.25-19.50.50:755][  0]LogInit: Using OS detected language (en-US).
[2022.10.25-19.50.50:755][  0]LogInit: Using OS detected locale (en-US).
[2022.10.25-19.50.50:773][  0]LogTextLocalizationManager: No specific localization for 'en-US' exists, so the 'en' localization will be used.
[2022.10.25-19.50.51:087][  0]LogInit: Setting process to per monitor DPI aware
[2022.10.25-19.50.51:115][  0]LogWindowsTextInputMethodSystem: Display: IME system deactivated.
[2022.10.25-19.50.51:154][  0]LogSlate: New Slate User Created.  User Index 0, Is Virtual User: 0
[2022.10.25-19.50.51:154][  0]LogSlate: Slate User Registered.  User Index 0, Is Virtual User: 0
[2022.10.25-19.50.51:523][  0]LogD3D11RHI: Loaded GFSDK_Aftermath_Lib.x64.dll
[2022.10.25-19.50.51:529][  0]LogHMD: Failed to initialize OpenVR with code 110
[2022.10.25-19.50.51:529][  0]LogD3D11RHI: D3D11 min allowed feature level: 11_0
[2022.10.25-19.50.51:529][  0]LogD3D11RHI: D3D11 max allowed feature level: 11_0
[2022.10.25-19.50.51:529][  0]LogD3D11RHI: D3D11 adapters:
[2022.10.25-19.50.51:733][  0]LogD3D11RHI:    0. 'NVIDIA Quadro P2000' (Feature Level 11_0)
[2022.10.25-19.50.51:733][  0]LogD3D11RHI:       4019/0/8115 MB DedicatedVideo/DedicatedSystem/SharedSystem, Outputs:1, VendorId:0x10de
[2022.10.25-19.50.51:736][  0]LogD3D11RHI:    1. 'Microsoft Basic Render Driver' (Feature Level 11_0)
[2022.10.25-19.50.51:736][  0]LogD3D11RHI:       0/0/8115 MB DedicatedVideo/DedicatedSystem/SharedSystem, Outputs:0, VendorId:0x1414
[2022.10.25-19.50.51:736][  0]LogD3D11RHI: Chosen D3D11 Adapter:
[2022.10.25-19.50.51:736][  0]LogD3D11RHI:     Description : NVIDIA Quadro P2000
[2022.10.25-19.50.51:736][  0]LogD3D11RHI:     VendorId    : 10de
[2022.10.25-19.50.51:736][  0]LogD3D11RHI:     DeviceId    : 1cba
[2022.10.25-19.50.51:736][  0]LogD3D11RHI:     SubSysId    : 8451103c
[2022.10.25-19.50.51:736][  0]LogD3D11RHI:     Revision    : 00a1
[2022.10.25-19.50.51:737][  0]LogD3D11RHI:     DedicatedVideoMemory : 4214226944 bytes
[2022.10.25-19.50.51:737][  0]LogD3D11RHI:     DedicatedSystemMemory : 0 bytes
[2022.10.25-19.50.51:737][  0]LogD3D11RHI:     SharedSystemMemory : 8509403136 bytes
[2022.10.25-19.50.51:737][  0]LogD3D11RHI:     AdapterLuid : 0 148174
[2022.10.25-19.50.51:744][  0]LogD3D11RHI: Creating new Direct3DDevice
[2022.10.25-19.50.51:744][  0]LogD3D11RHI:     GPU DeviceId: 0x1cba (for the marketing name, search the web for "GPU Device Id")
[2022.10.25-19.50.51:744][  0]LogWindows: EnumDisplayDevices:
[2022.10.25-19.50.51:744][  0]LogWindows:    0. 'NVIDIA Quadro P2000' (P:1 D:1)
[2022.10.25-19.50.51:745][  0]LogWindows:    1. 'NVIDIA Quadro P2000' (P:0 D:0)
[2022.10.25-19.50.51:745][  0]LogWindows:    2. 'NVIDIA Quadro P2000' (P:0 D:0)
[2022.10.25-19.50.51:746][  0]LogWindows:    3. 'NVIDIA Quadro P2000' (P:0 D:0)
[2022.10.25-19.50.51:746][  0]LogWindows: DebugString: FoundDriverCount:4 
[2022.10.25-19.50.51:746][  0]LogD3D11RHI:     Adapter Name: NVIDIA Quadro P2000
[2022.10.25-19.50.51:746][  0]LogD3D11RHI:   Driver Version: 472.98 (internal:30.0.14.7298, unified:472.98)
[2022.10.25-19.50.51:746][  0]LogD3D11RHI:      Driver Date: 1-5-2022
[2022.10.25-19.50.51:747][  0]LogRHI: Texture pool is 2813 MB (70% of 4019 MB)
[2022.10.25-19.50.51:747][  0]LogD3D11RHI: Creating D3DDevice using adapter:
[2022.10.25-19.50.51:747][  0]LogD3D11RHI:     Description : NVIDIA Quadro P2000
[2022.10.25-19.50.51:747][  0]LogD3D11RHI:     VendorId    : 10de
[2022.10.25-19.50.51:747][  0]LogD3D11RHI:     DeviceId    : 1cba
[2022.10.25-19.50.51:747][  0]LogD3D11RHI:     SubSysId    : 8451103c
[2022.10.25-19.50.51:747][  0]LogD3D11RHI:     Revision    : 00a1
[2022.10.25-19.50.51:747][  0]LogD3D11RHI:     DedicatedVideoMemory : 4214226944 bytes
[2022.10.25-19.50.51:747][  0]LogD3D11RHI:     DedicatedSystemMemory : 0 bytes
[2022.10.25-19.50.51:747][  0]LogD3D11RHI:     SharedSystemMemory : 8509403136 bytes
[2022.10.25-19.50.51:747][  0]LogD3D11RHI:     AdapterLuid : 0 148174
[2022.10.25-19.50.51:848][  0]LogD3D11RHI: RHI has support for 64 bit atomics
[2022.10.25-19.50.51:849][  0]LogD3D11RHI: Async texture creation enabled
[2022.10.25-19.50.51:849][  0]LogD3D11RHI: Array index from any shader is supported
[2022.10.25-19.50.51:882][  0]LogD3D11RHI: GPU Timing Frequency: 1000.000000 (Debug: 2 1)
[2022.10.25-19.50.51:957][  0]LogRHI: GeForceNow SDK initialized: 1
[2022.10.25-19.50.52:469][  0]LogTargetPlatformManager: Display: Loaded TargetPlatform 'AllDesktop'
[2022.10.25-19.50.52:498][  0]LogTargetPlatformManager: Display: Loaded TargetPlatform 'Android'
[2022.10.25-19.50.52:498][  0]LogTargetPlatformManager: Display: Loaded TargetPlatform 'Android_ASTC'
[2022.10.25-19.50.52:498][  0]LogTargetPlatformManager: Display: Loaded TargetPlatform 'Android_DXT'
[2022.10.25-19.50.52:498][  0]LogTargetPlatformManager: Display: Loaded TargetPlatform 'Android_ETC2'
[2022.10.25-19.50.52:498][  0]LogTargetPlatformManager: Display: Loaded TargetPlatform 'AndroidClient'
[2022.10.25-19.50.52:499][  0]LogTargetPlatformManager: Display: Loaded TargetPlatform 'Android_ASTCClient'
[2022.10.25-19.50.52:499][  0]LogTargetPlatformManager: Display: Loaded TargetPlatform 'Android_DXTClient'
[2022.10.25-19.50.52:499][  0]LogTargetPlatformManager: Display: Loaded TargetPlatform 'Android_ETC2Client'
[2022.10.25-19.50.52:499][  0]LogTargetPlatformManager: Display: Loaded TargetPlatform 'Android_Multi'
[2022.10.25-19.50.52:499][  0]LogTargetPlatformManager: Display: Loaded TargetPlatform 'Android_MultiClient'
[2022.10.25-19.50.52:531][  0]LogTargetPlatformManager: Display: Loaded TargetPlatform 'IOSClient'
[2022.10.25-19.50.52:531][  0]LogTargetPlatformManager: Display: Loaded TargetPlatform 'IOS'
[2022.10.25-19.50.52:547][  0]LogTargetPlatformManager: Display: Loaded TargetPlatform 'Linux'
[2022.10.25-19.50.52:554][  0]LogTargetPlatformManager: Display: Loaded TargetPlatform 'LinuxNoEditor'
[2022.10.25-19.50.52:563][  0]LogTargetPlatformManager: Display: Loaded TargetPlatform 'LinuxClient'
[2022.10.25-19.50.52:571][  0]LogTargetPlatformManager: Display: Loaded TargetPlatform 'LinuxServer'
[2022.10.25-19.50.52:585][  0]LogTargetPlatformManager: Display: Loaded TargetPlatform 'LinuxAArch64NoEditor'
[2022.10.25-19.50.52:593][  0]LogTargetPlatformManager: Display: Loaded TargetPlatform 'LinuxAArch64Client'
[2022.10.25-19.50.52:600][  0]LogTargetPlatformManager: Display: Loaded TargetPlatform 'LinuxAArch64Server'
[2022.10.25-19.50.52:633][  0]LogTargetPlatformManager: Display: Loaded TargetPlatform 'Lumin'
[2022.10.25-19.50.52:633][  0]LogTargetPlatformManager: Display: Loaded TargetPlatform 'LuminClient'
[2022.10.25-19.50.52:646][  0]LogTargetPlatformManager: Display: Loaded TargetPlatform 'MacNoEditor'
[2022.10.25-19.50.52:653][  0]LogTargetPlatformManager: Display: Loaded TargetPlatform 'Mac'
[2022.10.25-19.50.52:661][  0]LogTargetPlatformManager: Display: Loaded TargetPlatform 'MacClient'
[2022.10.25-19.50.52:670][  0]LogTargetPlatformManager: Display: Loaded TargetPlatform 'MacServer'
[2022.10.25-19.50.52:685][  0]LogTargetPlatformManager: Display: Loaded TargetPlatform 'TVOSClient'
[2022.10.25-19.50.52:685][  0]LogTargetPlatformManager: Display: Loaded TargetPlatform 'TVOS'
[2022.10.25-19.50.52:698][  0]LogTargetPlatformManager: Display: Loaded TargetPlatform 'WindowsNoEditor'
[2022.10.25-19.50.52:706][  0]LogTargetPlatformManager: Display: Loaded TargetPlatform 'Windows'
[2022.10.25-19.50.52:714][  0]LogTargetPlatformManager: Display: Loaded TargetPlatform 'WindowsClient'
[2022.10.25-19.50.52:722][  0]LogTargetPlatformManager: Display: Loaded TargetPlatform 'WindowsServer'
[2022.10.25-19.50.52:722][  0]LogTargetPlatformManager: Display: Building Assets For Windows
[2022.10.25-19.50.52:745][  0]LogAudioDebug: Display: Lib vorbis DLL was dynamically loaded.
[2022.10.25-19.50.52:814][  0]LogTextureFormatOodle: Display: Oodle Texture 2.9.0 init RDO Off
[2022.10.25-19.50.52:923][  0]LogRendererCore: Ray tracing is disabled. Reason: r.RayTracing=0.
[2022.10.25-19.50.52:924][  0]LogShaderCompilers: Guid format shader working directory is -16 characters bigger than the processId version (../../../../../../Users/sconkrigh/Documents/GitHub/Midterm-Project/Intermediate/Shaders/WorkingDirectory/3824/).
[2022.10.25-19.50.52:925][  0]LogShaderCompilers: Cleaned the shader compiler working directory 'C:/Users/sconkrigh/AppData/Local/Temp/UnrealShaderWorkingDir/585FBFE04B63B9990CA2A9BC27184748/'.
[2022.10.25-19.50.52:925][  0]LogXGEController: Cannot use XGE Controller as Incredibuild is not installed on this machine.
[2022.10.25-19.50.52:926][  0]LogShaderCompilers: Cannot use XGE Shader Compiler as Incredibuild is not installed on this machine.
[2022.10.25-19.50.52:926][  0]LogShaderCompilers: Display: Using Local Shader Compiler.
[2022.10.25-19.50.53:908][  0]LogDerivedDataCache: Display: Max Cache Size: 512 MB
[2022.10.25-19.50.54:015][  0]LogDerivedDataCache: Loaded boot cache 0.11s 94MB C:/Users/sconkrigh/AppData/Local/UnrealEngine/4.27/DerivedDataCache/Boot.ddc.
[2022.10.25-19.50.54:015][  0]LogDerivedDataCache: Display: Loaded Boot cache: C:/Users/sconkrigh/AppData/Local/UnrealEngine/4.27/DerivedDataCache/Boot.ddc
[2022.10.25-19.50.54:015][  0]LogDerivedDataCache: FDerivedDataBackendGraph:  Pak pak cache file ../../../../../../Users/sconkrigh/Documents/GitHub/Midterm-Project/DerivedDataCache/DDC.ddp not found, will not use a pak cache.
[2022.10.25-19.50.54:015][  0]LogDerivedDataCache: Unable to find inner node Pak for hierarchical cache Hierarchy.
[2022.10.25-19.50.54:015][  0]LogDerivedDataCache: FDerivedDataBackendGraph:  CompressedPak pak cache file ../../../../../../Users/sconkrigh/Documents/GitHub/Midterm-Project/DerivedDataCache/Compressed.ddp not found, will not use a pak cache.
[2022.10.25-19.50.54:015][  0]LogDerivedDataCache: Unable to find inner node CompressedPak for hierarchical cache Hierarchy.
[2022.10.25-19.50.54:034][  0]LogDerivedDataCache: Display: Pak cache opened for reading ../../../Engine/DerivedDataCache/Compressed.ddp.
[2022.10.25-19.50.54:034][  0]LogDerivedDataCache: FDerivedDataBackendGraph:  EnterprisePak pak cache file ../../../Enterprise/DerivedDataCache/Compressed.ddp not found, will not use a pak cache.
[2022.10.25-19.50.54:034][  0]LogDerivedDataCache: Unable to find inner node EnterprisePak for hierarchical cache Hierarchy.
[2022.10.25-19.50.54:051][  0]LogDerivedDataCache: Speed tests for C:/Users/sconkrigh/AppData/Local/UnrealEngine/Common/DerivedDataCache took 0.02 seconds
[2022.10.25-19.50.54:051][  0]LogDerivedDataCache: Display: Performance to C:/Users/sconkrigh/AppData/Local/UnrealEngine/Common/DerivedDataCache: Latency=0.15ms. RandomReadSpeed=200.93MBs, RandomWriteSpeed=92.16MBs. Assigned SpeedClass 'Local'
[2022.10.25-19.50.54:052][  0]LogDerivedDataCache: Using Local data cache path C:/Users/sconkrigh/AppData/Local/UnrealEngine/Common/DerivedDataCache: Writable
[2022.10.25-19.50.54:053][  0]LogDerivedDataCache: Shared data cache path not found in *engine.ini, will not use an Shared cache.
[2022.10.25-19.50.54:053][  0]LogDerivedDataCache: Unable to find inner node Shared for hierarchical cache Hierarchy.
[2022.10.25-19.50.54:103][  0]LogSlate: Using FreeType 2.10.0
[2022.10.25-19.50.54:106][  0]LogSlate: SlateFontServices - WITH_FREETYPE: 1, WITH_HARFBUZZ: 1
[2022.10.25-19.50.54:151][  0]LogAssetRegistry: FAssetRegistry took 0.0054 seconds to start up
[2022.10.25-19.50.54:488][  0]LogInit: Selected Device Profile: [Windows]
[2022.10.25-19.50.54:489][  0]LogInit: Active device profile: [000001C45D6DC900][000001C454B58340 49] Windows
[2022.10.25-19.50.54:489][  0]LogInit: Profiles: [000001C45D6DC900][000001C454B58340 49] Windows, [000001C45D69F800][000001C44E0E44C0 49] WindowsNoEditor, [000001C45D6DF500][000001C44E0E8640 49] WindowsServer, [000001C45D69CE00][000001C454B5C780 49] WindowsClient, [000001C45D6DF800][000001C45BDD08C0 49] IOS, [000001C45D69E800][000001C45BDD4A00 49] iPadAir, [000001C45D6DE000][000001C45BDD8B40 49] iPadAir2, [000001C45D658A00][000001C45BDE4E00 49] IPadPro, [000001C45D658B00][000001C45BDE0E40 49] iPadAir3, [000001C45D69D900][000001C45BDE8FC0 49] iPadAir4, [000001C45D65B400][000001C45BDED140 49] iPadMini2, [000001C45D69EA00][000001C45BDF12C0 49] iPadMini3, [000001C45D659700][000001C45BDF5440 49] iPadMini4, [000001C45D6DD100][000001C45BDF95C0 49] iPadMini5, [000001C45D660300][000001C44DE1F880 49] iPhone6, [000001C45D660400][000001C45BDFD8C0 49] iPodTouch6, [000001C45D65B600][000001C44DE27B80 49] iPhone7, [000001C45D659800][000001C44DE23BC0 49] iPodTouch7, [000001C45D663F00][000001C44DE2A1C0 49] iPhone5S, [000001C45D69E200][000001C44DE2E340 49] iPhone6Plus, [000001C45D658200][000001C44DE324C0 49] iPhone6S, [000001C45D69E400][000001C44DE36640 49] iPhone6SPlus, [000001C45D65BC00][000001C44DE3A7C0 49] iPhone7Plus, [000001C45D69C300][000001C44DE3E940 49] iPhoneSE, [000001C45D65B500][000001C45BDDCA80 49] iPhone8, [000001C45D69DE00][000001C44DE42BC0 49] iPhone8Plus, [000001C45D659100][000001C44DE46D00 49] iPhoneX, [000001C45D69C400][000001C45E0BEE80 49] iPhoneXS, [000001C45D659300][000001C45E0C3000 49] iPhoneXSMax, [000001C45D69D400][000001C45E0C7180 49] iPhoneXR, [000001C45D65B800][000001C45E0CB300 49] iPhone11, [000001C45D69EE00][000001C45E0CF480 49] iPhone11Pro, [000001C45D65B700][000001C45E0D3600 49] iPhone11ProMax, [000001C45D69CF00][000001C45E0D7780 49] iPhoneSE2, [000001C45D65AE00][000001C45E0DB900 49] iPhone12Mini, [000001C45D69FC00][000001C45E0DFA80 49] iPhone12, [000001C45D65A400][000001C45E0E3C00 49] iPhone12Pro, [000001C45D69C700][000001C45E0E6200 49] iPhone12ProMax, [000001C45D65A300][000001C45E0EA380 49] iPadPro105, [000001C45D69F100][000001C45E0EE500 49] iPadPro129, [000001C45D65A200][000001C45E0F2680 49] iPadPro97, [000001C45D69CB00][000001C45E0F6800 49] iPadPro2_129, [000001C45D65B200][000001C45E0FA980 49] iPad5, [000001C45D69F400][000001C45E0FEB00 49] iPad6, [000001C45D65B300][000001C44DE4AC40 49] iPad7, [000001C45D69C200][000001C45E102D80 49] iPad8, [000001C45D659A00][000001C45E106EC0 49] iPadPro11, [000001C45D69D600][000001C45E10F040 49] iPadPro2_11, [000001C45D659D00][000001C45E1131C0 49] iPadPro3_129, [000001C45D69F900][000001C45E117340 49] iPadPro4_129, [000001C45D65B000][000001C45E11B4C0 49] AppleTV, [000001C45D69FF00][000001C45E11F640 49] AppleTV4K, [000001C45D658100][000001C45E1237C0 49] TVOS, [000001C45D69E500][000001C45E127940 49] Mac, [000001C45D65BB00][000001C45E12BAC0 49] MacClient, [000001C45D69DB00][000001C45E12E0C0 49] MacNoEditor, [000001C45D65AC00][000001C45E132240 49] MacServer, [000001C45D69CA00][000001C45E1363C0 49] Linux, [000001C45D65A000][000001C45E13A540 49] LinuxAArch64, [000001C45D69E700][000001C45E13E6C0 49] LinuxNoEditor, [000001C45D65A500][000001C45E142840 49] LinuxAArch64NoEditor, [000001C45D69D500][000001C45E1469C0 49] LinuxClient, [000001C45D65B900][000001C45E14AB40 49] LinuxAArch64Client, [000001C45D69D700][000001C45E14ECC0 49] LinuxServer, [000001C45D659900][000001C45E10AE00 49] LinuxAArch64Server, [000001C45D69F700][000001C45E152F40 49] Android, [000001C45D658600][000001C45E157080 49] Android_Low, [000001C45D69ED00][000001C45E15B1C0 49] Android_Mid, [000001C45D6DFA00][000001C45E163340 49] Android_High, [000001C45D661C00][000001C45E1674C0 49] Android_Default, [000001C45D6DE100][000001C45E16B640 49] Android_Adreno4xx, [000001C45D662700][000001C45E16F7C0 49] Android_Adreno5xx_Low, [000001C45D6DCA00][000001C45E173940 49] Android_Adreno5xx, [000001C45D662D00][000001C45E177AC0 49] Android_Adreno6xx, [000001C45D6DD200][000001C45E17A0C0 49] Android_Adreno6xx_Vulkan, [000001C45D662800][000001C45E17E240 49] Android_Mali_T6xx, [000001C45D6DE600][000001C45E1823C0 49] Android_Mali_T7xx, [000001C45D662E00][000001C45E186540 49] Android_Mali_T8xx, [000001C45D6DF200][000001C45E18A6C0 49] Android_Mali_G71, [000001C45D663C00][000001C45E18E840 49] Android_Mali_G72, [000001C45D6DEA00][000001C45E1929C0 49] Android_Mali_G72_Vulkan, [000001C45D661B00][000001C45E196B40 49] Android_Mali_G76, [000001C45D6DDA00][000001C45E19ACC0 49] Android_Mali_G76_Vulkan, [000001C45D662000][000001C45E19EE40 49] Android_Mali_G77, [000001C45D6DED00][000001C45E15EF80 49] Android_Mali_G77_Vulkan, [000001C45D663800][000001C45E1A30C0 49] Android_Mali_G78, [000001C45D6DE800][000001C45E1A7200 49] Android_Mali_G78_Vulkan, [000001C45D661200][000001C45E1AB340 49] Android_Mali_G710, [000001C45D6DCE00][000001C45E1B34C0 49] Android_Mali_G710_Vulkan, [000001C45D663500][000001C45E1B7640 49] Android_Vulkan_SM5, [000001C45D6DF400][000001C45E1BB7C0 49] Android_PowerVR_G6xxx, [000001C45D662C00][000001C45E1BF940 49] Android_PowerVR_GT7xxx, [000001C45D6DFC00][000001C45E1C3AC0 49] Android_PowerVR_GE8xxx, [000001C45D660E00][000001C45E1C60C0 49] Android_PowerVR_GM9xxx, [000001C45D6DD800][000001C45E1CA240 49] Android_PowerVR_GM9xxx_Vulkan, [000001C45D662400][000001C45E1CE3C0 49] Android_TegraK1, [000001C45D6DD000][000001C45E1D2540 49] Android_Unknown_Vulkan, [000001C45D69FA00][000001C45E1D66C0 49] Lumin, [000001C45D6DDE00][000001C45E1DA840 49] Lumin_Desktop, [000001C45D69DC00][000001C45E1DE9C0 49] HoloLens, 
[2022.10.25-19.50.54:711][  0]LogMeshReduction: Using QuadricMeshReduction for automatic static mesh reduction
[2022.10.25-19.50.54:711][  0]LogMeshReduction: Using SimplygonMeshReduction for automatic skeletal mesh reduction
[2022.10.25-19.50.54:711][  0]LogMeshReduction: Using ProxyLODMeshReduction for automatic mesh merging
[2022.10.25-19.50.54:711][  0]LogMeshReduction: No distributed automatic mesh merging module available
[2022.10.25-19.50.54:712][  0]LogMeshMerging: No distributed automatic mesh merging module available
[2022.10.25-19.50.54:755][  0]LogNetVersion: MidtermProject 1.0.0, NetCL: 17155196, EngineNetVer: 17, GameNetVer: 0 (Checksum: 1055199276)
[2022.10.25-19.50.55:467][  0]LogTexture: Default maximum texture size for cubemaps generated from long-lat sources has been changed from 512 to unlimited. In order to preserve old behaiour for '/Engine/MapTemplates/Sky/DaylightAmbientCubemap.DaylightAmbientCubemap', its maximum texture size has been explicitly set to 512.
[2022.10.25-19.50.55:564][  0]LogHMD: PokeAHoleMaterial loaded successfully
[2022.10.25-19.50.55:574][  0]LogUObjectArray: 17178 objects as part of root set at end of initial load.
[2022.10.25-19.50.55:574][  0]LogUObjectAllocator: 4302048 out of 0 bytes used by permanent object pool.
[2022.10.25-19.50.55:574][  0]LogUObjectArray: CloseDisregardForGC: 0/0 objects in disregard for GC pool
[2022.10.25-19.50.55:972][  0]LogNiagaraDebuggerClient: Niagara Debugger Client Initialized | Session: 6A951F4B455B61D4081020A0D4788503 | Instance: FB49123E4352DD2C3B0C5E82A33A467C (5CD912CGPX-3824).
[2022.10.25-19.50.56:479][  0]LogTcpMessaging: Initializing TcpMessaging bridge
[2022.10.25-19.50.56:489][  0]LogUdpMessaging: Initializing bridge on interface 0.0.0.0:0 to multicast group 230.0.0.1:6666.
[2022.10.25-19.50.56:526][  0]LogPython: Using Python 3.7.7
[2022.10.25-19.50.57:506][  0]SourceControl: Source control is disabled
[2022.10.25-19.50.57:506][  0]SourceControl: Source control is disabled
[2022.10.25-19.50.57:518][  0]SourceControl: Source control is disabled
[2022.10.25-19.50.57:531][  0]SourceControl: Source control is disabled
[2022.10.25-19.50.57:548][  0]SourceControl: Source control is disabled
[2022.10.25-19.50.57:561][  0]LogUProjectInfo: Found projects:
[2022.10.25-19.50.58:018][  0]LogOpenImageDenoise: OIDN starting up
[2022.10.25-19.50.58:057][  0]LogAndroidPermission: UAndroidPermissionCallbackProxy::GetInstance
[2022.10.25-19.50.58:112][  0]LogAudioCaptureCore: Display: No Audio Capture implementations found. Audio input will be silent.
[2022.10.25-19.50.58:112][  0]LogAudioCaptureCore: Display: No Audio Capture implementations found. Audio input will be silent.
[2022.10.25-19.50.58:331][  0]LogCollectionManager: Loaded 0 collections in 0.003093 seconds
[2022.10.25-19.50.58:380][  0]LogFileCache: Scanning file cache for directory 'C:/Users/sconkrigh/Documents/GitHub/Midterm-Project/Saved/Collections/' took 0.00s
[2022.10.25-19.50.58:380][  0]LogFileCache: Scanning file cache for directory 'C:/Users/sconkrigh/Documents/GitHub/Midterm-Project/Content/Developers/sconkrigh/Collections/' took 0.00s
[2022.10.25-19.50.58:380][  0]LogFileCache: Scanning file cache for directory 'C:/Users/sconkrigh/Documents/GitHub/Midterm-Project/Content/Collections/' took 0.00s
[2022.10.25-19.50.58:380][  0]LogOcInput: OculusInput pre-init called
[2022.10.25-19.50.58:709][  0]LogEngine: Initializing Engine...
[2022.10.25-19.50.58:719][  0]LogHMD: Failed to enumerate extensions. Please check that you have a valid OpenXR runtime installed.
[2022.10.25-19.50.58:719][  0]LogHMD: Failed to initialize OpenVR with code 110
[2022.10.25-19.50.58:720][  0]LogMagicLeap: Warning: VR disabled because ZI is not enabled.  To enable, in the editor, Edit -> Project Settings -> Plugins -> Magic Leap Plugin -> Enable Zero Iteration
[2022.10.25-19.50.58:722][  0]LogStats: UGameplayTagsManager::InitializeManager -  0.001 s
[2022.10.25-19.50.58:896][  0]LogInit: Initializing FReadOnlyCVARCache
[2022.10.25-19.50.58:929][  0]LogAIModule: Creating AISystem for world Untitled
[2022.10.25-19.50.58:931][  0]LogAudio: Display: Initializing Audio Device Manager...
[2022.10.25-19.50.58:938][  0]LogAudio: Display: Loading Default Audio Settings Objects...
[2022.10.25-19.50.58:939][  0]LogAudio: Display: No default SoundConcurrencyObject specified (or failed to load).
[2022.10.25-19.50.58:940][  0]LogAudio: Display: Audio Device Manager Initialized
[2022.10.25-19.50.58:940][  0]LogAudio: Display: Creating Audio Device:                 Id: 1, Scope: Shared, Realtime: True
[2022.10.25-19.50.58:941][  0]LogAudioMixer: Display: Audio Mixer Platform Settings:
[2022.10.25-19.50.58:941][  0]LogAudioMixer: Display: 	Sample Rate:						  48000
[2022.10.25-19.50.58:941][  0]LogAudioMixer: Display: 	Callback Buffer Frame Size Requested: 1024
[2022.10.25-19.50.58:941][  0]LogAudioMixer: Display: 	Callback Buffer Frame Size To Use:	  1024
[2022.10.25-19.50.58:941][  0]LogAudioMixer: Display: 	Number of buffers to queue:			  2
[2022.10.25-19.50.58:941][  0]LogAudioMixer: Display: 	Max Channels (voices):				  32
[2022.10.25-19.50.58:941][  0]LogAudioMixer: Display: 	Number of Async Source Workers:		  0
[2022.10.25-19.50.58:941][  0]LogAudio: Display: AudioDevice MaxSources: 32
[2022.10.25-19.50.58:943][  0]LogAudio: Display: Audio Spatialization Plugin: None (built-in).
[2022.10.25-19.50.58:943][  0]LogAudio: Display: Audio Reverb Plugin: None (built-in).
[2022.10.25-19.50.58:943][  0]LogAudio: Display: Audio Occlusion Plugin: None (built-in).
[2022.10.25-19.50.58:943][  0]LogAudioMixer: Display: Initializing audio mixer.
[2022.10.25-19.50.58:969][  0]LogAudioMixer: Display: 0: FrontLeft
[2022.10.25-19.50.58:969][  0]LogAudioMixer: Display: 1: FrontRight
[2022.10.25-19.50.59:472][  0]LogAudioMixer: Display: Using Audio Device Speakers (Conexant ISST Audio)
[2022.10.25-19.50.59:475][  0]LogAudioMixer: Display: Initializing Sound Submixes...
[2022.10.25-19.50.59:481][  0]LogAudioMixer: Display: Creating Master Submix 'MasterSubmixDefault'
[2022.10.25-19.50.59:481][  0]LogAudioMixer: Display: Creating Master Submix 'MasterReverbSubmixDefault'
[2022.10.25-19.50.59:483][  0]LogAudioMixer: Display: Creating Master Submix 'MasterEQSubmixDefault'
[2022.10.25-19.50.59:484][  0]LogAudioMixer: FMixerPlatformXAudio2::StartAudioStream() called
[2022.10.25-19.50.59:484][  0]LogAudioMixer: Display: Output buffers initialized: Frames=1024, Channels=2, Samples=2048
[2022.10.25-19.50.59:486][  0]LogAudioMixer: Display: Starting AudioMixerPlatformInterface::RunInternal()
[2022.10.25-19.50.59:486][  0]LogAudioMixer: Display: FMixerPlatformXAudio2::SubmitBuffer() called for the first time
[2022.10.25-19.50.59:486][  0]LogInit: FAudioDevice initialized.
[2022.10.25-19.50.59:487][  0]LogAudio: Display: Audio Device (ID: 1) registered with world 'Untitled'.
[2022.10.25-19.50.59:487][  0]LogNetVersion: Set ProjectVersion to 1.0.0.0. Version Checksum will be recalculated on next use.
[2022.10.25-19.50.59:560][  0]LogDerivedDataCache: Saved boot cache 0.07s 94MB C:/Users/sconkrigh/AppData/Local/UnrealEngine/4.27/DerivedDataCache/Boot.ddc.
[2022.10.25-19.50.59:561][  0]LogInit: Texture streaming: Enabled
[2022.10.25-19.50.59:586][  0]LogAnalytics: Display: [UEEditor.Rocket.Release] APIServer = https://datarouter.ol.epicgames.com/. AppVersion = 4.27.2-18319896+++UE4+Release-4.27
[2022.10.25-19.50.59:595][  0]LogEngineSessionManager: EngineSessionManager initialized
[2022.10.25-19.50.59:595][  0]LogEditorSessionSummary: Verbose: Initializing EditorSessionSummaryWriter for editor session tracking
[2022.10.25-19.50.59:604][  0]LogEditorSessionSummary: EditorSessionSummaryWriter initialized
[2022.10.25-19.51.02:780][  0]LogInit: Transaction tracking system initialized
[2022.10.25-19.51.02:837][  0]BlueprintLog: New page: Editor Load
[2022.10.25-19.51.03:006][  0]LocalizationService: Localization service is disabled
[2022.10.25-19.51.03:075][  0]TimingProfiler: Initialize
[2022.10.25-19.51.03:077][  0]TimingProfiler: OnSessionChanged
[2022.10.25-19.51.03:077][  0]LoadingProfiler: Initialize
[2022.10.25-19.51.03:078][  0]LoadingProfiler: OnSessionChanged
[2022.10.25-19.51.03:078][  0]NetworkingProfiler: Initialize
[2022.10.25-19.51.03:078][  0]NetworkingProfiler: OnSessionChanged
[2022.10.25-19.51.03:078][  0]MemoryProfiler: Initialize
[2022.10.25-19.51.03:078][  0]MemoryProfiler: OnSessionChanged
[2022.10.25-19.51.03:356][  0]LogCook: Display: CookSettings for Memory: MemoryMaxUsedVirtual 0MiB, MemoryMaxUsedPhysical 16384MiB, MemoryMinFreeVirtual 0MiB, MemoryMinFreePhysical 1024MiB
[2022.10.25-19.51.03:356][  0]LogCook: Display: Mobile HDR setting 1
[2022.10.25-19.51.03:773][  0]LogFileCache: Scanning file cache for directory 'C:/Users/sconkrigh/Documents/GitHub/Midterm-Project/Content/' took 0.01s
[2022.10.25-19.51.04:025][  0]LogInit: Display: Engine is initialized. Leaving FEngineLoop::Init()
[2022.10.25-19.51.04:036][  0]SourceControl: Source control is disabled
[2022.10.25-19.51.04:036][  0]LogUnrealEdMisc: Loading editor; pre map load, took 16.585
[2022.10.25-19.51.04:037][  0]Cmd: MAP LOAD FILE="../../../../../../Users/sconkrigh/Documents/GitHub/Midterm-Project/Content/Mainlevel/Main_Level.umap" TEMPLATE=0 SHOWPROGRESS=1 FEATURELEVEL=3
[2022.10.25-19.51.04:038][  0]LightingResults: New page: Lighting Build
[2022.10.25-19.51.04:043][  0]LogWorld: UWorld::CleanupWorld for Untitled, bSessionEnded=true, bCleanupResources=true
[2022.10.25-19.51.04:044][  0]LogSlate: InvalidateAllWidgets triggered.  All widgets were invalidated
[2022.10.25-19.51.04:045][  0]MapCheck: New page: Map Check
[2022.10.25-19.51.04:045][  0]LightingResults: New page: Lighting Build
[2022.10.25-19.51.04:052][  0]LogAudio: Display: Audio Device unregistered from world 'None'.
[2022.10.25-19.51.04:058][  0]LogUObjectHash: Compacting FUObjectHashTables data took   1.04ms
[2022.10.25-19.51.04:149][  0]LogAudio: Display: Audio Device (ID: 1) registered with world 'Main_Level'.
[2022.10.25-19.51.04:151][  0]LogAIModule: Creating AISystem for world Main_Level
[2022.10.25-19.51.04:164][  0]LogEditorServer: Finished looking for orphan Actors (0.000 secs)
[2022.10.25-19.51.04:177][  0]LogUObjectHash: Compacting FUObjectHashTables data took   1.73ms
[2022.10.25-19.51.04:178][  0]Cmd: MAP CHECKDEP NOCLEARLOG
[2022.10.25-19.51.04:179][  0]MapCheck: Map check complete: 0 Error(s), 0 Warning(s), took 0.422ms to complete.
[2022.10.25-19.51.04:179][  0]LogFileHelpers: Loading map 'Main_Level' took 0.142
[2022.10.25-19.51.04:199][  0]LogUnrealEdMisc: Total Editor Startup Time, took 16.748
[2022.10.25-19.51.04:383][  0]LogSlate: Updating window title bar state: overlay mode, drag disabled, window buttons hidden, title bar hidden
[2022.10.25-19.51.04:391][  0]LogSlate: Updating window title bar state: overlay mode, drag disabled, window buttons hidden, title bar hidden
[2022.10.25-19.51.04:399][  0]LogSlate: Updating window title bar state: overlay mode, drag disabled, window buttons hidden, title bar hidden
[2022.10.25-19.51.04:410][  0]LogSlate: Updating window title bar state: overlay mode, drag disabled, window buttons hidden, title bar hidden
[2022.10.25-19.51.04:457][  0]LogNativeClassHierarchy: Verbose: Native class hierarchy populated in 0.0184 seconds. Added 3822 classes and 928 folders.
[2022.10.25-19.51.04:464][  0]LogNativeClassHierarchy: Verbose: Native class hierarchy updated for 'WidgetCarousel' in 0.0005 seconds. Added 0 classes and 0 folders.
[2022.10.25-19.51.04:469][  0]LogPakFile: PakFile PrimaryIndexSize=187
[2022.10.25-19.51.04:469][  0]LogPakFile: PakFile PathHashIndexSize=101
[2022.10.25-19.51.04:469][  0]LogPakFile: PakFile FullDirectoryIndexSize=148
[2022.10.25-19.51.04:469][  0]LogShaderLibrary: Display: ShaderCodeLibraryPakFileMountedCallback: PakFile 'C:/Program Files/Epic Games/UE_4.27/FeaturePacks/FP_FirstPerson.upack' (chunk index -1, root 'root:/') mounted
[2022.10.25-19.51.04:469][  0]LogShaderLibrary: Display: ShaderCodeLibraryPakFileMountedCallback: pending pak file info (ChunkID:-1 Root:root:/ File:C:/Program Files/Epic Games/UE_4.27/FeaturePacks/FP_FirstPerson.upack)
[2022.10.25-19.51.04:469][  0]LogPakFile: OnPakFileMounted2Time == 0.000080
[2022.10.25-19.51.04:472][  0]LogPakFile: PakFile PrimaryIndexSize=189
[2022.10.25-19.51.04:472][  0]LogPakFile: PakFile PathHashIndexSize=101
[2022.10.25-19.51.04:472][  0]LogPakFile: PakFile FullDirectoryIndexSize=152
[2022.10.25-19.51.04:472][  0]LogShaderLibrary: Display: ShaderCodeLibraryPakFileMountedCallback: PakFile 'C:/Program Files/Epic Games/UE_4.27/FeaturePacks/FP_FirstPersonBP.upack' (chunk index -1, root 'root:/') mounted
[2022.10.25-19.51.04:472][  0]LogShaderLibrary: Display: ShaderCodeLibraryPakFileMountedCallback: pending pak file info (ChunkID:-1 Root:root:/ File:C:/Program Files/Epic Games/UE_4.27/FeaturePacks/FP_FirstPersonBP.upack)
[2022.10.25-19.51.04:472][  0]LogPakFile: OnPakFileMounted2Time == 0.000058
[2022.10.25-19.51.04:474][  0]LogPakFile: PakFile PrimaryIndexSize=191
[2022.10.25-19.51.04:474][  0]LogPakFile: PakFile PathHashIndexSize=101
[2022.10.25-19.51.04:474][  0]LogPakFile: PakFile FullDirectoryIndexSize=160
[2022.10.25-19.51.04:475][  0]LogShaderLibrary: Display: ShaderCodeLibraryPakFileMountedCallback: PakFile 'C:/Program Files/Epic Games/UE_4.27/FeaturePacks/MobileStarterContent.upack' (chunk index -1, root 'root:/') mounted
[2022.10.25-19.51.04:475][  0]LogShaderLibrary: Display: ShaderCodeLibraryPakFileMountedCallback: pending pak file info (ChunkID:-1 Root:root:/ File:C:/Program Files/Epic Games/UE_4.27/FeaturePacks/MobileStarterContent.upack)
[2022.10.25-19.51.04:475][  0]LogPakFile: OnPakFileMounted2Time == 0.000077
[2022.10.25-19.51.04:476][  0]LogPakFile: PakFile PrimaryIndexSize=185
[2022.10.25-19.51.04:476][  0]LogPakFile: PakFile PathHashIndexSize=101
[2022.10.25-19.51.04:476][  0]LogPakFile: PakFile FullDirectoryIndexSize=148
[2022.10.25-19.51.04:476][  0]LogShaderLibrary: Display: ShaderCodeLibraryPakFileMountedCallback: PakFile 'C:/Program Files/Epic Games/UE_4.27/FeaturePacks/StarterContent.upack' (chunk index -1, root 'root:/') mounted
[2022.10.25-19.51.04:476][  0]LogShaderLibrary: Display: ShaderCodeLibraryPakFileMountedCallback: pending pak file info (ChunkID:-1 Root:root:/ File:C:/Program Files/Epic Games/UE_4.27/FeaturePacks/StarterContent.upack)
[2022.10.25-19.51.04:476][  0]LogPakFile: OnPakFileMounted2Time == 0.000055
[2022.10.25-19.51.04:478][  0]LogPakFile: PakFile PrimaryIndexSize=190
[2022.10.25-19.51.04:478][  0]LogPakFile: PakFile PathHashIndexSize=101
[2022.10.25-19.51.04:478][  0]LogPakFile: PakFile FullDirectoryIndexSize=154
[2022.10.25-19.51.04:478][  0]LogShaderLibrary: Display: ShaderCodeLibraryPakFileMountedCallback: PakFile 'C:/Program Files/Epic Games/UE_4.27/FeaturePacks/TP_2DSideScroller.upack' (chunk index -1, root 'root:/') mounted
[2022.10.25-19.51.04:478][  0]LogShaderLibrary: Display: ShaderCodeLibraryPakFileMountedCallback: pending pak file info (ChunkID:-1 Root:root:/ File:C:/Program Files/Epic Games/UE_4.27/FeaturePacks/TP_2DSideScroller.upack)
[2022.10.25-19.51.04:478][  0]LogPakFile: OnPakFileMounted2Time == 0.000047
[2022.10.25-19.51.04:480][  0]LogPakFile: PakFile PrimaryIndexSize=192
[2022.10.25-19.51.04:480][  0]LogPakFile: PakFile PathHashIndexSize=101
[2022.10.25-19.51.04:480][  0]LogPakFile: PakFile FullDirectoryIndexSize=158
[2022.10.25-19.51.04:480][  0]LogShaderLibrary: Display: ShaderCodeLibraryPakFileMountedCallback: PakFile 'C:/Program Files/Epic Games/UE_4.27/FeaturePacks/TP_2DSideScrollerBP.upack' (chunk index -1, root 'root:/') mounted
[2022.10.25-19.51.04:480][  0]LogShaderLibrary: Display: ShaderCodeLibraryPakFileMountedCallback: pending pak file info (ChunkID:-1 Root:root:/ File:C:/Program Files/Epic Games/UE_4.27/FeaturePacks/TP_2DSideScrollerBP.upack)
[2022.10.25-19.51.04:480][  0]LogPakFile: OnPakFileMounted2Time == 0.000046
[2022.10.25-19.51.04:481][  0]LogPakFile: PakFile PrimaryIndexSize=182
[2022.10.25-19.51.04:481][  0]LogPakFile: PakFile PathHashIndexSize=101
[2022.10.25-19.51.04:481][  0]LogPakFile: PakFile FullDirectoryIndexSize=138
[2022.10.25-19.51.04:481][  0]LogShaderLibrary: Display: ShaderCodeLibraryPakFileMountedCallback: PakFile 'C:/Program Files/Epic Games/UE_4.27/FeaturePacks/TP_Flying.upack' (chunk index -1, root 'root:/') mounted
[2022.10.25-19.51.04:481][  0]LogShaderLibrary: Display: ShaderCodeLibraryPakFileMountedCallback: pending pak file info (ChunkID:-1 Root:root:/ File:C:/Program Files/Epic Games/UE_4.27/FeaturePacks/TP_Flying.upack)
[2022.10.25-19.51.04:481][  0]LogPakFile: OnPakFileMounted2Time == 0.000044
[2022.10.25-19.51.04:483][  0]LogPakFile: PakFile PrimaryIndexSize=184
[2022.10.25-19.51.04:483][  0]LogPakFile: PakFile PathHashIndexSize=101
[2022.10.25-19.51.04:483][  0]LogPakFile: PakFile FullDirectoryIndexSize=142
[2022.10.25-19.51.04:483][  0]LogShaderLibrary: Display: ShaderCodeLibraryPakFileMountedCallback: PakFile 'C:/Program Files/Epic Games/UE_4.27/FeaturePacks/TP_FlyingBP.upack' (chunk index -1, root 'root:/') mounted
[2022.10.25-19.51.04:483][  0]LogShaderLibrary: Display: ShaderCodeLibraryPakFileMountedCallback: pending pak file info (ChunkID:-1 Root:root:/ File:C:/Program Files/Epic Games/UE_4.27/FeaturePacks/TP_FlyingBP.upack)
[2022.10.25-19.51.04:483][  0]LogPakFile: OnPakFileMounted2Time == 0.000042
[2022.10.25-19.51.04:485][  0]LogPakFile: PakFile PrimaryIndexSize=188
[2022.10.25-19.51.04:485][  0]LogPakFile: PakFile PathHashIndexSize=101
[2022.10.25-19.51.04:485][  0]LogPakFile: PakFile FullDirectoryIndexSize=150
[2022.10.25-19.51.04:485][  0]LogShaderLibrary: Display: ShaderCodeLibraryPakFileMountedCallback: PakFile 'C:/Program Files/Epic Games/UE_4.27/FeaturePacks/TP_HandheldARBP.upack' (chunk index -1, root 'root:/') mounted
[2022.10.25-19.51.04:485][  0]LogShaderLibrary: Display: ShaderCodeLibraryPakFileMountedCallback: pending pak file info (ChunkID:-1 Root:root:/ File:C:/Program Files/Epic Games/UE_4.27/FeaturePacks/TP_HandheldARBP.upack)
[2022.10.25-19.51.04:485][  0]LogPakFile: OnPakFileMounted2Time == 0.000052
[2022.10.25-19.51.04:487][  0]LogPakFile: PakFile PrimaryIndexSize=182
[2022.10.25-19.51.04:487][  0]LogPakFile: PakFile PathHashIndexSize=101
[2022.10.25-19.51.04:488][  0]LogPakFile: PakFile FullDirectoryIndexSize=138
[2022.10.25-19.51.04:488][  0]LogShaderLibrary: Display: ShaderCodeLibraryPakFileMountedCallback: PakFile 'C:/Program Files/Epic Games/UE_4.27/FeaturePacks/TP_Puzzle.upack' (chunk index -1, root 'root:/') mounted
[2022.10.25-19.51.04:488][  0]LogShaderLibrary: Display: ShaderCodeLibraryPakFileMountedCallback: pending pak file info (ChunkID:-1 Root:root:/ File:C:/Program Files/Epic Games/UE_4.27/FeaturePacks/TP_Puzzle.upack)
[2022.10.25-19.51.04:488][  0]LogPakFile: OnPakFileMounted2Time == 0.000057
[2022.10.25-19.51.04:489][  0]LogPakFile: PakFile PrimaryIndexSize=184
[2022.10.25-19.51.04:489][  0]LogPakFile: PakFile PathHashIndexSize=101
[2022.10.25-19.51.04:489][  0]LogPakFile: PakFile FullDirectoryIndexSize=142
[2022.10.25-19.51.04:489][  0]LogShaderLibrary: Display: ShaderCodeLibraryPakFileMountedCallback: PakFile 'C:/Program Files/Epic Games/UE_4.27/FeaturePacks/TP_PuzzleBP.upack' (chunk index -1, root 'root:/') mounted
[2022.10.25-19.51.04:489][  0]LogShaderLibrary: Display: ShaderCodeLibraryPakFileMountedCallback: pending pak file info (ChunkID:-1 Root:root:/ File:C:/Program Files/Epic Games/UE_4.27/FeaturePacks/TP_PuzzleBP.upack)
[2022.10.25-19.51.04:489][  0]LogPakFile: OnPakFileMounted2Time == 0.000045
[2022.10.25-19.51.04:491][  0]LogPakFile: PakFile PrimaryIndexSize=183
[2022.10.25-19.51.04:491][  0]LogPakFile: PakFile PathHashIndexSize=101
[2022.10.25-19.51.04:491][  0]LogPakFile: PakFile FullDirectoryIndexSize=140
[2022.10.25-19.51.04:491][  0]LogShaderLibrary: Display: ShaderCodeLibraryPakFileMountedCallback: PakFile 'C:/Program Files/Epic Games/UE_4.27/FeaturePacks/TP_Rolling.upack' (chunk index -1, root 'root:/') mounted
[2022.10.25-19.51.04:491][  0]LogShaderLibrary: Display: ShaderCodeLibraryPakFileMountedCallback: pending pak file info (ChunkID:-1 Root:root:/ File:C:/Program Files/Epic Games/UE_4.27/FeaturePacks/TP_Rolling.upack)
[2022.10.25-19.51.04:491][  0]LogPakFile: OnPakFileMounted2Time == 0.000051
[2022.10.25-19.51.04:494][  0]LogPakFile: PakFile PrimaryIndexSize=185
[2022.10.25-19.51.04:494][  0]LogPakFile: PakFile PathHashIndexSize=101
[2022.10.25-19.51.04:494][  0]LogPakFile: PakFile FullDirectoryIndexSize=144
[2022.10.25-19.51.04:494][  0]LogShaderLibrary: Display: ShaderCodeLibraryPakFileMountedCallback: PakFile 'C:/Program Files/Epic Games/UE_4.27/FeaturePacks/TP_RollingBP.upack' (chunk index -1, root 'root:/') mounted
[2022.10.25-19.51.04:494][  0]LogShaderLibrary: Display: ShaderCodeLibraryPakFileMountedCallback: pending pak file info (ChunkID:-1 Root:root:/ File:C:/Program Files/Epic Games/UE_4.27/FeaturePacks/TP_RollingBP.upack)
[2022.10.25-19.51.04:494][  0]LogPakFile: OnPakFileMounted2Time == 0.000070
[2022.10.25-19.51.04:496][  0]LogPakFile: PakFile PrimaryIndexSize=188
[2022.10.25-19.51.04:496][  0]LogPakFile: PakFile PathHashIndexSize=101
[2022.10.25-19.51.04:496][  0]LogPakFile: PakFile FullDirectoryIndexSize=150
[2022.10.25-19.51.04:496][  0]LogShaderLibrary: Display: ShaderCodeLibraryPakFileMountedCallback: PakFile 'C:/Program Files/Epic Games/UE_4.27/FeaturePacks/TP_SideScroller.upack' (chunk index -1, root 'root:/') mounted
[2022.10.25-19.51.04:496][  0]LogShaderLibrary: Display: ShaderCodeLibraryPakFileMountedCallback: pending pak file info (ChunkID:-1 Root:root:/ File:C:/Program Files/Epic Games/UE_4.27/FeaturePacks/TP_SideScroller.upack)
[2022.10.25-19.51.04:496][  0]LogPakFile: OnPakFileMounted2Time == 0.000048
[2022.10.25-19.51.04:497][  0]LogPakFile: PakFile PrimaryIndexSize=190
[2022.10.25-19.51.04:497][  0]LogPakFile: PakFile PathHashIndexSize=101
[2022.10.25-19.51.04:497][  0]LogPakFile: PakFile FullDirectoryIndexSize=154
[2022.10.25-19.51.04:498][  0]LogShaderLibrary: Display: ShaderCodeLibraryPakFileMountedCallback: PakFile 'C:/Program Files/Epic Games/UE_4.27/FeaturePacks/TP_SideScrollerBP.upack' (chunk index -1, root 'root:/') mounted
[2022.10.25-19.51.04:498][  0]LogShaderLibrary: Display: ShaderCodeLibraryPakFileMountedCallback: pending pak file info (ChunkID:-1 Root:root:/ File:C:/Program Files/Epic Games/UE_4.27/FeaturePacks/TP_SideScrollerBP.upack)
[2022.10.25-19.51.04:498][  0]LogPakFile: OnPakFileMounted2Time == 0.000076
[2022.10.25-19.51.04:500][  0]LogPakFile: PakFile PrimaryIndexSize=187
[2022.10.25-19.51.04:500][  0]LogPakFile: PakFile PathHashIndexSize=101
[2022.10.25-19.51.04:500][  0]LogPakFile: PakFile FullDirectoryIndexSize=148
[2022.10.25-19.51.04:500][  0]LogShaderLibrary: Display: ShaderCodeLibraryPakFileMountedCallback: PakFile 'C:/Program Files/Epic Games/UE_4.27/FeaturePacks/TP_ThirdPerson.upack' (chunk index -1, root 'root:/') mounted
[2022.10.25-19.51.04:500][  0]LogShaderLibrary: Display: ShaderCodeLibraryPakFileMountedCallback: pending pak file info (ChunkID:-1 Root:root:/ File:C:/Program Files/Epic Games/UE_4.27/FeaturePacks/TP_ThirdPerson.upack)
[2022.10.25-19.51.04:500][  0]LogPakFile: OnPakFileMounted2Time == 0.000054
[2022.10.25-19.51.04:502][  0]LogPakFile: PakFile PrimaryIndexSize=189
[2022.10.25-19.51.04:502][  0]LogPakFile: PakFile PathHashIndexSize=101
[2022.10.25-19.51.04:502][  0]LogPakFile: PakFile FullDirectoryIndexSize=152
[2022.10.25-19.51.04:502][  0]LogShaderLibrary: Display: ShaderCodeLibraryPakFileMountedCallback: PakFile 'C:/Program Files/Epic Games/UE_4.27/FeaturePacks/TP_ThirdPersonBP.upack' (chunk index -1, root 'root:/') mounted
[2022.10.25-19.51.04:502][  0]LogShaderLibrary: Display: ShaderCodeLibraryPakFileMountedCallback: pending pak file info (ChunkID:-1 Root:root:/ File:C:/Program Files/Epic Games/UE_4.27/FeaturePacks/TP_ThirdPersonBP.upack)
[2022.10.25-19.51.04:502][  0]LogPakFile: OnPakFileMounted2Time == 0.000071
[2022.10.25-19.51.04:504][  0]LogPakFile: PakFile PrimaryIndexSize=183
[2022.10.25-19.51.04:504][  0]LogPakFile: PakFile PathHashIndexSize=101
[2022.10.25-19.51.04:504][  0]LogPakFile: PakFile FullDirectoryIndexSize=140
[2022.10.25-19.51.04:504][  0]LogShaderLibrary: Display: ShaderCodeLibraryPakFileMountedCallback: PakFile 'C:/Program Files/Epic Games/UE_4.27/FeaturePacks/TP_TopDown.upack' (chunk index -1, root 'root:/') mounted
[2022.10.25-19.51.04:504][  0]LogShaderLibrary: Display: ShaderCodeLibraryPakFileMountedCallback: pending pak file info (ChunkID:-1 Root:root:/ File:C:/Program Files/Epic Games/UE_4.27/FeaturePacks/TP_TopDown.upack)
[2022.10.25-19.51.04:504][  0]LogPakFile: OnPakFileMounted2Time == 0.000068
[2022.10.25-19.51.04:505][  0]LogPakFile: PakFile PrimaryIndexSize=185
[2022.10.25-19.51.04:506][  0]LogPakFile: PakFile PathHashIndexSize=101
[2022.10.25-19.51.04:506][  0]LogPakFile: PakFile FullDirectoryIndexSize=144
[2022.10.25-19.51.04:506][  0]LogShaderLibrary: Display: ShaderCodeLibraryPakFileMountedCallback: PakFile 'C:/Program Files/Epic Games/UE_4.27/FeaturePacks/TP_TopDownBP.upack' (chunk index -1, root 'root:/') mounted
[2022.10.25-19.51.04:506][  0]LogShaderLibrary: Display: ShaderCodeLibraryPakFileMountedCallback: pending pak file info (ChunkID:-1 Root:root:/ File:C:/Program Files/Epic Games/UE_4.27/FeaturePacks/TP_TopDownBP.upack)
[2022.10.25-19.51.04:506][  0]LogPakFile: OnPakFileMounted2Time == 0.000057
[2022.10.25-19.51.04:507][  0]LogPakFile: PakFile PrimaryIndexSize=185
[2022.10.25-19.51.04:508][  0]LogPakFile: PakFile PathHashIndexSize=101
[2022.10.25-19.51.04:508][  0]LogPakFile: PakFile FullDirectoryIndexSize=144
[2022.10.25-19.51.04:508][  0]LogShaderLibrary: Display: ShaderCodeLibraryPakFileMountedCallback: PakFile 'C:/Program Files/Epic Games/UE_4.27/FeaturePacks/TP_TwinStick.upack' (chunk index -1, root 'root:/') mounted
[2022.10.25-19.51.04:508][  0]LogShaderLibrary: Display: ShaderCodeLibraryPakFileMountedCallback: pending pak file info (ChunkID:-1 Root:root:/ File:C:/Program Files/Epic Games/UE_4.27/FeaturePacks/TP_TwinStick.upack)
[2022.10.25-19.51.04:508][  0]LogPakFile: OnPakFileMounted2Time == 0.000053
[2022.10.25-19.51.04:509][  0]LogPakFile: PakFile PrimaryIndexSize=187
[2022.10.25-19.51.04:509][  0]LogPakFile: PakFile PathHashIndexSize=101
[2022.10.25-19.51.04:509][  0]LogPakFile: PakFile FullDirectoryIndexSize=148
[2022.10.25-19.51.04:509][  0]LogShaderLibrary: Display: ShaderCodeLibraryPakFileMountedCallback: PakFile 'C:/Program Files/Epic Games/UE_4.27/FeaturePacks/TP_TwinStickBP.upack' (chunk index -1, root 'root:/') mounted
[2022.10.25-19.51.04:509][  0]LogShaderLibrary: Display: ShaderCodeLibraryPakFileMountedCallback: pending pak file info (ChunkID:-1 Root:root:/ File:C:/Program Files/Epic Games/UE_4.27/FeaturePacks/TP_TwinStickBP.upack)
[2022.10.25-19.51.04:509][  0]LogPakFile: OnPakFileMounted2Time == 0.000065
[2022.10.25-19.51.04:511][  0]LogPakFile: PakFile PrimaryIndexSize=183
[2022.10.25-19.51.04:511][  0]LogPakFile: PakFile PathHashIndexSize=101
[2022.10.25-19.51.04:511][  0]LogPakFile: PakFile FullDirectoryIndexSize=140
[2022.10.25-19.51.04:511][  0]LogShaderLibrary: Display: ShaderCodeLibraryPakFileMountedCallback: PakFile 'C:/Program Files/Epic Games/UE_4.27/FeaturePacks/TP_Vehicle.upack' (chunk index -1, root 'root:/') mounted
[2022.10.25-19.51.04:511][  0]LogShaderLibrary: Display: ShaderCodeLibraryPakFileMountedCallback: pending pak file info (ChunkID:-1 Root:root:/ File:C:/Program Files/Epic Games/UE_4.27/FeaturePacks/TP_Vehicle.upack)
[2022.10.25-19.51.04:511][  0]LogPakFile: OnPakFileMounted2Time == 0.000047
[2022.10.25-19.51.04:513][  0]LogPakFile: PakFile PrimaryIndexSize=186
[2022.10.25-19.51.04:513][  0]LogPakFile: PakFile PathHashIndexSize=101
[2022.10.25-19.51.04:513][  0]LogPakFile: PakFile FullDirectoryIndexSize=146
[2022.10.25-19.51.04:513][  0]LogShaderLibrary: Display: ShaderCodeLibraryPakFileMountedCallback: PakFile 'C:/Program Files/Epic Games/UE_4.27/FeaturePacks/TP_VehicleAdv.upack' (chunk index -1, root 'root:/') mounted
[2022.10.25-19.51.04:513][  0]LogShaderLibrary: Display: ShaderCodeLibraryPakFileMountedCallback: pending pak file info (ChunkID:-1 Root:root:/ File:C:/Program Files/Epic Games/UE_4.27/FeaturePacks/TP_VehicleAdv.upack)
[2022.10.25-19.51.04:513][  0]LogPakFile: OnPakFileMounted2Time == 0.000051
[2022.10.25-19.51.04:514][  0]LogPakFile: PakFile PrimaryIndexSize=188
[2022.10.25-19.51.04:514][  0]LogPakFile: PakFile PathHashIndexSize=101
[2022.10.25-19.51.04:514][  0]LogPakFile: PakFile FullDirectoryIndexSize=150
[2022.10.25-19.51.04:515][  0]LogShaderLibrary: Display: ShaderCodeLibraryPakFileMountedCallback: PakFile 'C:/Program Files/Epic Games/UE_4.27/FeaturePacks/TP_VehicleAdvBP.upack' (chunk index -1, root 'root:/') mounted
[2022.10.25-19.51.04:515][  0]LogShaderLibrary: Display: ShaderCodeLibraryPakFileMountedCallback: pending pak file info (ChunkID:-1 Root:root:/ File:C:/Program Files/Epic Games/UE_4.27/FeaturePacks/TP_VehicleAdvBP.upack)
[2022.10.25-19.51.04:515][  0]LogPakFile: OnPakFileMounted2Time == 0.000056
[2022.10.25-19.51.04:516][  0]LogPakFile: PakFile PrimaryIndexSize=185
[2022.10.25-19.51.04:517][  0]LogPakFile: PakFile PathHashIndexSize=101
[2022.10.25-19.51.04:517][  0]LogPakFile: PakFile FullDirectoryIndexSize=144
[2022.10.25-19.51.04:517][  0]LogShaderLibrary: Display: ShaderCodeLibraryPakFileMountedCallback: PakFile 'C:/Program Files/Epic Games/UE_4.27/FeaturePacks/TP_VehicleBP.upack' (chunk index -1, root 'root:/') mounted
[2022.10.25-19.51.04:517][  0]LogShaderLibrary: Display: ShaderCodeLibraryPakFileMountedCallback: pending pak file info (ChunkID:-1 Root:root:/ File:C:/Program Files/Epic Games/UE_4.27/FeaturePacks/TP_VehicleBP.upack)
[2022.10.25-19.51.04:517][  0]LogPakFile: OnPakFileMounted2Time == 0.000065
[2022.10.25-19.51.04:519][  0]LogPakFile: PakFile PrimaryIndexSize=192
[2022.10.25-19.51.04:519][  0]LogPakFile: PakFile PathHashIndexSize=101
[2022.10.25-19.51.04:519][  0]LogPakFile: PakFile FullDirectoryIndexSize=158
[2022.10.25-19.51.04:519][  0]LogShaderLibrary: Display: ShaderCodeLibraryPakFileMountedCallback: PakFile 'C:/Program Files/Epic Games/UE_4.27/FeaturePacks/TP_VirtualRealityBP.upack' (chunk index -1, root 'root:/') mounted
[2022.10.25-19.51.04:519][  0]LogShaderLibrary: Display: ShaderCodeLibraryPakFileMountedCallback: pending pak file info (ChunkID:-1 Root:root:/ File:C:/Program Files/Epic Games/UE_4.27/FeaturePacks/TP_VirtualRealityBP.upack)
[2022.10.25-19.51.04:519][  0]LogPakFile: OnPakFileMounted2Time == 0.000077
[2022.10.25-19.51.04:810][  0]LogNativeClassHierarchy: Verbose: Native class hierarchy updated for 'AddContentDialog' in 0.0003 seconds. Added 0 classes and 0 folders.
[2022.10.25-19.51.04:814][  0]LogNativeClassHierarchy: Verbose: Native class hierarchy updated for 'SceneOutliner' in 0.0003 seconds. Added 2 classes and 0 folders.
[2022.10.25-19.51.05:374][  0]LogSlate: Only BGRA pngs, bmps or icos are supported in by External Image Picker
[2022.10.25-19.51.05:485][  0]LogSlate: Took 0.001448 seconds to synchronously load lazily loaded font '../../../Engine/Content/Slate/Fonts/Roboto-Regular.ttf' (155K)
[2022.10.25-19.51.05:487][  0]LogSlate: Took 0.000987 seconds to synchronously load lazily loaded font '../../../Engine/Content/Editor/Slate/Fonts/FontAwesome.ttf' (139K)
[2022.10.25-19.51.05:489][  0]LogSlate: Took 0.001031 seconds to synchronously load lazily loaded font '../../../Engine/Content/Slate/Fonts/Roboto-Bold.ttf' (160K)
[2022.10.25-19.51.05:591][  0]LogRenderer: Reallocating scene render targets to support 980x436 Format 10 NumSamples 1 (Frame:1).
[2022.10.25-19.51.05:723][  0]LogNativeClassHierarchy: Verbose: Native class hierarchy updated for 'HierarchicalLODOutliner' in 0.0004 seconds. Added 0 classes and 0 folders.
[2022.10.25-19.51.05:723][  0]LogLoad: (Engine Initialization) Total time: 18.27 seconds
[2022.10.25-19.51.05:723][  0]LogLoad: (Engine Initialization) Total Blueprint compile time: 0.00 seconds
[2022.10.25-19.51.05:811][  0]LogAssetRegistry: Asset discovery search completed in 11.6605 seconds
[2022.10.25-19.51.05:823][  0]LogCollectionManager: Fixed up redirectors for 0 collections in 0.000008 seconds (updated 0 objects)
[2022.10.25-19.51.05:826][  0]LogContentStreaming: Texture pool size now 1000 MB
[2022.10.25-19.51.06:755][ 53]LogSlate: Took 0.001153 seconds to synchronously load lazily loaded font '../../../Engine/Content/Slate/Fonts/Roboto-Light.ttf' (167K)
[2022.10.25-19.52.26:868][844]LogAssetEditorSubsystem: Opening Asset editor for Blueprint /Game/Game/Tetris_Mode.Tetris_Mode
[2022.10.25-19.52.27:026][844]LogNativeClassHierarchy: Verbose: Native class hierarchy updated for 'BlueprintGraph' in 0.0006 seconds. Added 126 classes and 0 folders.
[2022.10.25-19.52.27:928][844]LogAssetEditorSubsystem: Opening Asset editor for Blueprint /Game/Game/PC.PC
[2022.10.25-19.52.28:277][844]LogAssetEditorSubsystem: Opening Asset editor for Material /Game/Materials/Sprite_Mat.Sprite_Mat
[2022.10.25-19.52.28:279][844]LogMaterial: Display: Missing cached shadermap for Sprite_Mat in PCD3D_SM5, Default, SM5 (DDC key hash: 83415618FC885213ABBB3ED0134E1E0B9CB6B575), compiling. 
[2022.10.25-19.52.28:301][844]LogShaderCompilers: Display: Submitted 9 shader compile jobs with 'Normal' priority
[2022.10.25-19.52.28:318][844]LogTexture: Default maximum texture size for cubemaps generated from long-lat sources has been changed from 512 to unlimited. In order to preserve old behaiour for '/Engine/EditorMaterials/AssetViewer/EpicQuadPanorama_CC+EV1.EpicQuadPanorama_CC+EV1', its maximum texture size has been explicitly set to 512.
[2022.10.25-19.52.28:413][844]LogTexture: Default maximum texture size for cubemaps generated from long-lat sources has been changed from 512 to unlimited. In order to preserve old behaiour for '/Engine/MapTemplates/Sky/SunsetAmbientCubemap.SunsetAmbientCubemap', its maximum texture size has been explicitly set to 512.
[2022.10.25-19.52.28:596][844]LogMaterial: Display: Missing cached shadermap for Sprite_Mat in PCD3D_SM5, Default, SM5 (DDC key hash: 51D4D708FD1BF7428618AA9E408334514816EE06), compiling. 
[2022.10.25-19.52.28:601][844]LogMaterial: Display: Missing cached shadermap for Sprite_Mat in PCD3D_SM5, Default, SM5 (DDC key hash: BA43AF9B4FBA4D7AA32AD0EE233EF8D7CF95854E), compiling. 
[2022.10.25-19.52.28:604][844]LogMaterial: Display: Missing cached shadermap for FMatExpressionPreview MaterialExpressionSpriteTextureSampler_0 in PCD3D_SM5, Default, SM5 (DDC key hash: 94B8693BF6F9AF42B42652198B58D2F4B4404952), compiling. 
[2022.10.25-19.52.28:643][844]LogAssetEditorSubsystem: Opening Asset editor for PaperSprite /Game/Images/Tetris_Grid.Tetris_Grid
[2022.10.25-19.52.28:726][844]LogAssetEditorSubsystem: Opening Asset editor for PaperSprite /Game/Images/Tetris_Grid1.Tetris_Grid1
[2022.10.25-19.52.28:796][844]MaterialEditorStats: Texture samplers: 0/16
[2022.10.25-19.52.28:796][844]MaterialEditorStats: Texture Lookups (Est.): VS(0), PS(1)
[2022.10.25-19.52.28:796][844]MaterialEditorStats: User interpolators: 2/4 Scalars (1/4 Vectors) (TexCoords: 2, Custom: 0)
[2022.10.25-19.52.28:800][844]LogSlate: Took 0.001250 seconds to synchronously load lazily loaded font '../../../Engine/Content/Slate/Fonts/Roboto-BoldCondensed.ttf' (158K)
[2022.10.25-19.52.28:874][845]LogRenderer: Reallocating scene render targets to support 3048x1752 Format 10 NumSamples 1 (Frame:1).
[2022.10.25-19.52.28:889][845]LogShaderCompilers: Display: Submitted 9 shader compile jobs with 'Normal' priority
[2022.10.25-19.52.28:895][845]LogShaderCompilers: Display: Worker (1/9): shaders left to compile 9
[2022.10.25-19.52.28:895][845]LogShaderCompilers: Display: Worker (2/9): shaders left to compile 7
[2022.10.25-19.52.28:895][845]LogShaderCompilers: Display: Worker (3/9): shaders left to compile 5
[2022.10.25-19.52.28:895][845]LogShaderCompilers: Display: Worker (4/9): shaders left to compile 3
[2022.10.25-19.52.28:895][845]LogShaderCompilers: Display: Worker (5/9): shaders left to compile 1
[2022.10.25-19.52.28:895][845]LogShaderCompilers: Display: Started 9 'Local' shader compile jobs with 'Normal' priority
[2022.10.25-19.52.30:355][925]MaterialEditorStats: Texture samplers: 1/16
[2022.10.25-19.52.30:355][925]MaterialEditorStats: Texture Lookups (Est.): VS(0), PS(1)
[2022.10.25-19.52.30:355][925]MaterialEditorStats: User interpolators: 2/4 Scalars (1/4 Vectors) (TexCoords: 2, Custom: 0)
[2022.10.25-19.52.30:608][935]LogSlate: Took 0.001470 seconds to synchronously load lazily loaded font '../../../Engine/Content/Slate/Fonts/DroidSansMono.ttf' (77K)
[2022.10.25-19.52.30:636][936]LogSlate: Took 0.001572 seconds to synchronously load lazily loaded font '../../../Engine/Content/Slate/Fonts/Roboto-Italic.ttf' (157K)
[2022.10.25-19.52.30:682][937]MaterialEditorStats: Texture samplers: 2/16
[2022.10.25-19.52.30:683][937]MaterialEditorStats: Texture Lookups (Est.): VS(0), PS(1)
[2022.10.25-19.52.30:683][937]MaterialEditorStats: User interpolators: 2/4 Scalars (1/4 Vectors) (TexCoords: 2, Custom: 0)
[2022.10.25-19.52.30:905][949]MaterialEditorStats: Base pass shader without light map: 55 instructions
[2022.10.25-19.52.30:905][949]MaterialEditorStats: Base pass vertex shader: 200 instructions
[2022.10.25-19.52.30:905][949]MaterialEditorStats: Texture samplers: 4/16
[2022.10.25-19.52.30:905][949]MaterialEditorStats: Texture Lookups (Est.): VS(0), PS(1)
[2022.10.25-19.52.30:905][949]MaterialEditorStats: User interpolators: 2/4 Scalars (1/4 Vectors) (TexCoords: 2, Custom: 0)
[2022.10.25-19.52.32:912][ 64]LogWorld: UWorld::CleanupWorld for World_3, bSessionEnded=true, bCleanupResources=true
[2022.10.25-19.52.32:912][ 64]LogSlate: InvalidateAllWidgets triggered.  All widgets were invalidated
[2022.10.25-19.56.13:122][371]Cmd: DELETE
[2022.10.25-19.56.13:122][371]Cmd: ACTOR DELETE
[2022.10.25-19.56.13:126][371]LogEditorActor: Deleted Actor: DirectionalLight
[2022.10.25-19.56.13:168][371]LogUObjectHash: Compacting FUObjectHashTables data took   2.38ms
[2022.10.25-19.56.13:169][371]LogEditorActor: Deleted 1 Actors (0.045 secs)
[2022.10.25-19.56.16:014][541]Cmd: DELETE
[2022.10.25-19.56.16:014][541]Cmd: ACTOR DELETE
[2022.10.25-19.56.16:016][541]LogEditorActor: Deleted Actor: SkyLight
[2022.10.25-19.56.16:044][541]LogUObjectHash: Compacting FUObjectHashTables data took   1.67ms
[2022.10.25-19.56.16:045][541]LogEditorActor: Deleted 1 Actors (0.030 secs)
[2022.10.25-19.56.18:127][666]Cmd: DELETE
[2022.10.25-19.56.18:127][666]Cmd: ACTOR DELETE
[2022.10.25-19.56.18:129][666]LogEditorActor: Deleted Actor: BP_Sky_Sphere_C
[2022.10.25-19.56.18:153][666]LogUObjectHash: Compacting FUObjectHashTables data took   1.44ms
[2022.10.25-19.56.18:154][666]LogEditorActor: Deleted 1 Actors (0.026 secs)
[2022.10.25-19.56.26:348][145]LogEditorViewport: Clicking Background
[2022.10.25-19.56.28:087][249]LogEditorViewport: Clicking on Actor (LMB): StaticMeshActor (Cube)
[2022.10.25-19.56.30:502][392]Cmd: DELETE
[2022.10.25-19.56.30:502][392]Cmd: ACTOR DELETE
[2022.10.25-19.56.30:503][392]LogEditorActor: Deleted Actor: StaticMeshActor
[2022.10.25-19.56.30:527][392]LogUObjectHash: Compacting FUObjectHashTables data took   0.57ms
[2022.10.25-19.56.30:528][392]LogEditorActor: Deleted 1 Actors (0.026 secs)
[2022.10.25-19.56.30:962][417]LogEditorViewport: Clicking Background
[2022.10.25-19.56.31:930][475]LogEditorViewport: Clicking on Actor (LMB): PaperSpriteActor (Tetris_Grid1)
[2022.10.25-19.56.32:251][493]Cmd: DELETE
[2022.10.25-19.56.32:251][493]Cmd: ACTOR DELETE
[2022.10.25-19.56.32:252][493]LogEditorActor: Deleted Actor: PaperSpriteActor
[2022.10.25-19.56.32:277][493]LogUObjectHash: Compacting FUObjectHashTables data took   0.55ms
[2022.10.25-19.56.32:277][493]LogEditorActor: Deleted 1 Actors (0.026 secs)
[2022.10.25-20.01.05:653][105]LogUObjectHash: Compacting FUObjectHashTables data took   0.77ms
[2022.10.25-20.01.05:661][105]LogSavePackage: Moving '../../../../../../Users/sconkrigh/Documents/GitHub/Midterm-Project/Saved/Main_Level_Auto1775703ED4F7759B450318E9F44E416FC.tmp' to '../../../../../../Users/sconkrigh/Documents/GitHub/Midterm-Project/Saved/Autosaves/Game/Mainlevel/Main_Level_Auto1.umap'
[2022.10.25-20.01.05:663][105]LogFileHelpers: Editor autosave (incl. external actors) for '/Game/Mainlevel/Main_Level' took 0.041
[2022.10.25-20.01.05:663][105]LogFileHelpers: Editor autosave (incl. sublevels & external actors) for all levels took 0.041
